<?xml version="1.0" encoding="UTF-8"?>
<testsuite name="com.next.storm.topology.bolt.TestAddBolt" tests="4" skipped="0" failures="0" errors="0" timestamp="2016-06-13T13:34:36" hostname="Syeds-MacBook-Pro.local" time="22.685">
  <properties/>
  <testcase name="test_WhenTwoValidOneNegativeAndOnePositivIntegerValuesAreSentToBolt" classname="com.next.storm.topology.bolt.TestAddBolt" time="4.407"/>
  <testcase name="test_WhenMultiplePaorOfTwoValidPositiveIntegerValuesAreSentToBolt" classname="com.next.storm.topology.bolt.TestAddBolt" time="11.497"/>
  <testcase name="test_WhenTwoNonIntegerValuesAreSentToBolt" classname="com.next.storm.topology.bolt.TestAddBolt" time="3.403"/>
  <testcase name="test_WhenTwoValidPositiveIntegerValuesAreSentToBolt" classname="com.next.storm.topology.bolt.TestAddBolt" time="3.378"/>
  <system-out><![CDATA[764  [Test worker] INFO  c.n.s.t.b.TestAddBolt - Creating Local Cluster
1502 [Test worker] INFO  b.s.u.Utils - Using defaults.yaml from resources
2331 [Test worker] INFO  o.a.s.s.o.a.z.ZooKeeper - Client environment:zookeeper.version=3.4.6-1569965, built on 02/20/2014 09:09 GMT
2331 [Test worker] INFO  o.a.s.s.o.a.z.ZooKeeper - Client environment:host.name=172.18.42.72
2331 [Test worker] INFO  o.a.s.s.o.a.z.ZooKeeper - Client environment:java.version=1.8.0_45
2331 [Test worker] INFO  o.a.s.s.o.a.z.ZooKeeper - Client environment:java.vendor=Oracle Corporation
2331 [Test worker] INFO  o.a.s.s.o.a.z.ZooKeeper - Client environment:java.home=/Library/Java/JavaVirtualMachines/jdk1.8.0_45.jdk/Contents/Home/jre
2331 [Test worker] INFO  o.a.s.s.o.a.z.ZooKeeper - Client environment:java.class.path=/Users/syedali/workspace/storm-integration-test/storm-topology/build/classes/test:/Users/syedali/workspace/storm-integration-test/storm-topology/build/resources/test:/Users/syedali/workspace/storm-integration-test/storm-topology/build/classes/main:/Users/syedali/workspace/storm-integration-test/storm-topology/build/resources/main:/Users/syedali/.m2/repository/org/apache/storm/storm-core/0.10.1/storm-core-0.10.1.jar:/Users/syedali/.m2/repository/org/springframework/spring-core/4.2.6.RELEASE/spring-core-4.2.6.RELEASE.jar:/Users/syedali/.m2/repository/org/apache/storm/flux-core/0.10.1/flux-core-0.10.1.jar:/Users/syedali/workspace/storm-integration-test/storm-test/build/libs/storm-test-0.1.0-SNAPSHOT.jar:/Users/syedali/.m2/repository/junit/junit/4.12/junit-4.12.jar:/Users/syedali/.m2/repository/org/slf4j/slf4j-api/1.7.7/slf4j-api-1.7.7.jar:/Users/syedali/.m2/repository/com/esotericsoftware/kryo/kryo/2.21/kryo-2.21.jar:/Users/syedali/.m2/repository/org/clojure/clojure/1.6.0/clojure-1.6.0.jar:/Users/syedali/.m2/repository/com/googlecode/disruptor/disruptor/2.10.4/disruptor-2.10.4.jar:/Users/syedali/.m2/repository/org/apache/logging/log4j/log4j-api/2.1/log4j-api-2.1.jar:/Users/syedali/.m2/repository/org/apache/logging/log4j/log4j-core/2.1/log4j-core-2.1.jar:/Users/syedali/.m2/repository/org/apache/logging/log4j/log4j-slf4j-impl/2.1/log4j-slf4j-impl-2.1.jar:/Users/syedali/.m2/repository/org/slf4j/log4j-over-slf4j/1.6.6/log4j-over-slf4j-1.6.6.jar:/Users/syedali/.m2/repository/org/apache/hadoop/hadoop-auth/2.4.0/hadoop-auth-2.4.0.jar:/Users/syedali/.m2/repository/javax/servlet/servlet-api/2.5/servlet-api-2.5.jar:/Users/syedali/.m2/repository/commons-logging/commons-logging/1.2/commons-logging-1.2.jar:/Users/syedali/.m2/repository/commons-cli/commons-cli/1.2/commons-cli-1.2.jar:/Users/syedali/.m2/repository/org/hamcrest/hamcrest-core/1.3/hamcrest-core-1.3.jar:/Users/syedali/.gradle/caches/modules-2/files-2.1/com.esotericsoftware.reflectasm/reflectasm/1.07/76f11c94a53ee975a0d9154b325c408b210155bd/reflectasm-1.07-shaded.jar:/Users/syedali/.m2/repository/com/esotericsoftware/minlog/minlog/1.2/minlog-1.2.jar:/Users/syedali/.m2/repository/org/ow2/asm/asm/4.0/asm-4.0.jar
2332 [Test worker] INFO  o.a.s.s.o.a.z.ZooKeeper - Client environment:java.library.path=/Users/syedali/Library/Java/Extensions:/Library/Java/Extensions:/Network/Library/Java/Extensions:/System/Library/Java/Extensions:/usr/lib/java:.
2332 [Test worker] INFO  o.a.s.s.o.a.z.ZooKeeper - Client environment:java.io.tmpdir=/var/folders/wx/0l_6v33921n3zqf95m01p5sh0000gn/T/
2332 [Test worker] INFO  o.a.s.s.o.a.z.ZooKeeper - Client environment:java.compiler=<NA>
2332 [Test worker] INFO  o.a.s.s.o.a.z.ZooKeeper - Client environment:os.name=Mac OS X
2332 [Test worker] INFO  o.a.s.s.o.a.z.ZooKeeper - Client environment:os.arch=x86_64
2332 [Test worker] INFO  o.a.s.s.o.a.z.ZooKeeper - Client environment:os.version=10.11.1
2332 [Test worker] INFO  o.a.s.s.o.a.z.ZooKeeper - Client environment:user.name=syedali
2332 [Test worker] INFO  o.a.s.s.o.a.z.ZooKeeper - Client environment:user.home=/Users/syedali
2332 [Test worker] INFO  o.a.s.s.o.a.z.ZooKeeper - Client environment:user.dir=/Users/syedali/workspace/storm-integration-test/storm-topology
2339 [Test worker] INFO  o.a.s.s.o.a.z.s.ZooKeeperServer - Server environment:zookeeper.version=3.4.6-1569965, built on 02/20/2014 09:09 GMT
2339 [Test worker] INFO  o.a.s.s.o.a.z.s.ZooKeeperServer - Server environment:host.name=172.18.42.72
2339 [Test worker] INFO  o.a.s.s.o.a.z.s.ZooKeeperServer - Server environment:java.version=1.8.0_45
2339 [Test worker] INFO  o.a.s.s.o.a.z.s.ZooKeeperServer - Server environment:java.vendor=Oracle Corporation
2339 [Test worker] INFO  o.a.s.s.o.a.z.s.ZooKeeperServer - Server environment:java.home=/Library/Java/JavaVirtualMachines/jdk1.8.0_45.jdk/Contents/Home/jre
2339 [Test worker] INFO  o.a.s.s.o.a.z.s.ZooKeeperServer - Server environment:java.class.path=/Users/syedali/workspace/storm-integration-test/storm-topology/build/classes/test:/Users/syedali/workspace/storm-integration-test/storm-topology/build/resources/test:/Users/syedali/workspace/storm-integration-test/storm-topology/build/classes/main:/Users/syedali/workspace/storm-integration-test/storm-topology/build/resources/main:/Users/syedali/.m2/repository/org/apache/storm/storm-core/0.10.1/storm-core-0.10.1.jar:/Users/syedali/.m2/repository/org/springframework/spring-core/4.2.6.RELEASE/spring-core-4.2.6.RELEASE.jar:/Users/syedali/.m2/repository/org/apache/storm/flux-core/0.10.1/flux-core-0.10.1.jar:/Users/syedali/workspace/storm-integration-test/storm-test/build/libs/storm-test-0.1.0-SNAPSHOT.jar:/Users/syedali/.m2/repository/junit/junit/4.12/junit-4.12.jar:/Users/syedali/.m2/repository/org/slf4j/slf4j-api/1.7.7/slf4j-api-1.7.7.jar:/Users/syedali/.m2/repository/com/esotericsoftware/kryo/kryo/2.21/kryo-2.21.jar:/Users/syedali/.m2/repository/org/clojure/clojure/1.6.0/clojure-1.6.0.jar:/Users/syedali/.m2/repository/com/googlecode/disruptor/disruptor/2.10.4/disruptor-2.10.4.jar:/Users/syedali/.m2/repository/org/apache/logging/log4j/log4j-api/2.1/log4j-api-2.1.jar:/Users/syedali/.m2/repository/org/apache/logging/log4j/log4j-core/2.1/log4j-core-2.1.jar:/Users/syedali/.m2/repository/org/apache/logging/log4j/log4j-slf4j-impl/2.1/log4j-slf4j-impl-2.1.jar:/Users/syedali/.m2/repository/org/slf4j/log4j-over-slf4j/1.6.6/log4j-over-slf4j-1.6.6.jar:/Users/syedali/.m2/repository/org/apache/hadoop/hadoop-auth/2.4.0/hadoop-auth-2.4.0.jar:/Users/syedali/.m2/repository/javax/servlet/servlet-api/2.5/servlet-api-2.5.jar:/Users/syedali/.m2/repository/commons-logging/commons-logging/1.2/commons-logging-1.2.jar:/Users/syedali/.m2/repository/commons-cli/commons-cli/1.2/commons-cli-1.2.jar:/Users/syedali/.m2/repository/org/hamcrest/hamcrest-core/1.3/hamcrest-core-1.3.jar:/Users/syedali/.gradle/caches/modules-2/files-2.1/com.esotericsoftware.reflectasm/reflectasm/1.07/76f11c94a53ee975a0d9154b325c408b210155bd/reflectasm-1.07-shaded.jar:/Users/syedali/.m2/repository/com/esotericsoftware/minlog/minlog/1.2/minlog-1.2.jar:/Users/syedali/.m2/repository/org/ow2/asm/asm/4.0/asm-4.0.jar
2339 [Test worker] INFO  o.a.s.s.o.a.z.s.ZooKeeperServer - Server environment:java.library.path=/Users/syedali/Library/Java/Extensions:/Library/Java/Extensions:/Network/Library/Java/Extensions:/System/Library/Java/Extensions:/usr/lib/java:.
2339 [Test worker] INFO  o.a.s.s.o.a.z.s.ZooKeeperServer - Server environment:java.io.tmpdir=/var/folders/wx/0l_6v33921n3zqf95m01p5sh0000gn/T/
2339 [Test worker] INFO  o.a.s.s.o.a.z.s.ZooKeeperServer - Server environment:java.compiler=<NA>
2339 [Test worker] INFO  o.a.s.s.o.a.z.s.ZooKeeperServer - Server environment:os.name=Mac OS X
2339 [Test worker] INFO  o.a.s.s.o.a.z.s.ZooKeeperServer - Server environment:os.arch=x86_64
2339 [Test worker] INFO  o.a.s.s.o.a.z.s.ZooKeeperServer - Server environment:os.version=10.11.1
2339 [Test worker] INFO  o.a.s.s.o.a.z.s.ZooKeeperServer - Server environment:user.name=syedali
2340 [Test worker] INFO  o.a.s.s.o.a.z.s.ZooKeeperServer - Server environment:user.home=/Users/syedali
2340 [Test worker] INFO  o.a.s.s.o.a.z.s.ZooKeeperServer - Server environment:user.dir=/Users/syedali/workspace/storm-integration-test/storm-topology
2617 [Test worker] INFO  o.a.s.s.o.a.z.s.ZooKeeperServer - Created server with tickTime 2000 minSessionTimeout 4000 maxSessionTimeout 40000 datadir /var/folders/wx/0l_6v33921n3zqf95m01p5sh0000gn/T/7ad5793e-584e-4007-bf3f-22a56dd0d53d/version-2 snapdir /var/folders/wx/0l_6v33921n3zqf95m01p5sh0000gn/T/7ad5793e-584e-4007-bf3f-22a56dd0d53d/version-2
2622 [Test worker] INFO  o.a.s.s.o.a.z.s.NIOServerCnxnFactory - binding to port 0.0.0.0/0.0.0.0:2000
2625 [Test worker] INFO  b.s.zookeeper - Starting inprocess zookeeper at port 2000 and dir /var/folders/wx/0l_6v33921n3zqf95m01p5sh0000gn/T//7ad5793e-584e-4007-bf3f-22a56dd0d53d
2645 [Test worker] INFO  b.s.u.Utils - Using defaults.yaml from resources
2677 [Test worker] INFO  b.s.d.nimbus - Starting Nimbus with conf {"topology.builtin.metrics.bucket.size.secs" 60, "nimbus.childopts" "-Xmx1024m", "ui.filter.params" nil, "storm.cluster.mode" "local", "storm.messaging.netty.client_worker_threads" 1, "supervisor.run.worker.as.user" false, "topology.max.task.parallelism" nil, "zmq.threads" 1, "storm.group.mapping.service" "backtype.storm.security.auth.ShellBasedGroupsMapping", "transactional.zookeeper.root" "/transactional", "topology.sleep.spout.wait.strategy.time.ms" 1, "drpc.invocations.port" 3773, "topology.multilang.serializer" "backtype.storm.multilang.JsonSerializer", "storm.messaging.netty.server_worker_threads" 1, "topology.max.error.report.per.interval" 5, "storm.thrift.transport" "backtype.storm.security.auth.SimpleTransportPlugin", "zmq.hwm" 0, "storm.principal.tolocal" "backtype.storm.security.auth.DefaultPrincipalToLocal", "supervisor.worker.shutdown.sleep.secs" 1, "storm.zookeeper.retry.times" 5, "ui.actions.enabled" true, "zmq.linger.millis" 0, "supervisor.enable" true, "topology.stats.sample.rate" 0.05, "storm.messaging.netty.min_wait_ms" 100, "storm.zookeeper.port" 2000, "supervisor.heartbeat.frequency.secs" 5, "topology.enable.message.timeouts" true, "drpc.worker.threads" 64, "drpc.queue.size" 128, "drpc.https.keystore.password" "", "logviewer.port" 8000, "nimbus.reassign" true, "topology.executor.send.buffer.size" 1024, "topology.spout.wait.strategy" "backtype.storm.spout.SleepSpoutWaitStrategy", "ui.host" "0.0.0.0", "storm.nimbus.retry.interval.millis" 2000, "nimbus.inbox.jar.expiration.secs" 3600, "dev.zookeeper.path" "/tmp/dev-storm-zookeeper", "topology.acker.executors" nil, "topology.fall.back.on.java.serialization" true, "storm.zookeeper.servers" ["localhost"], "nimbus.thrift.threads" 64, "logviewer.cleanup.age.mins" 10080, "topology.worker.childopts" nil, "topology.classpath" nil, "supervisor.monitor.frequency.secs" 3, "nimbus.credential.renewers.freq.secs" 600, "topology.skip.missing.kryo.registrations" true, "drpc.authorizer.acl.filename" "drpc-auth-acl.yaml", "storm.group.mapping.service.cache.duration.secs" 120, "topology.testing.always.try.serialize" false, "nimbus.monitor.freq.secs" 10, "supervisor.supervisors" [], "topology.tasks" nil, "topology.bolts.outgoing.overflow.buffer.enable" false, "storm.messaging.netty.socket.backlog" 500, "topology.workers" 1, "storm.local.dir" "/var/folders/wx/0l_6v33921n3zqf95m01p5sh0000gn/T//2c43a643-3673-48e4-8878-e68d4b709ee9", "worker.childopts" "-Xmx768m", "storm.auth.simple-white-list.users" [], "topology.message.timeout.secs" 30, "topology.state.synchronization.timeout.secs" 60, "topology.tuple.serializer" "backtype.storm.serialization.types.ListDelegateSerializer", "supervisor.supervisors.commands" [], "logviewer.childopts" "-Xmx128m", "topology.environment" nil, "topology.debug" false, "storm.messaging.netty.max_retries" 300, "ui.childopts" "-Xmx768m", "storm.zookeeper.session.timeout" 20000, "drpc.childopts" "-Xmx768m", "drpc.http.creds.plugin" "backtype.storm.security.auth.DefaultHttpCredentialsPlugin", "storm.zookeeper.connection.timeout" 15000, "storm.zookeeper.auth.user" nil, "storm.meta.serialization.delegate" "backtype.storm.serialization.GzipThriftSerializationDelegate", "topology.max.spout.pending" nil, "nimbus.supervisor.timeout.secs" 60, "nimbus.task.timeout.secs" 30, "drpc.port" 3772, "storm.zookeeper.retry.intervalceiling.millis" 30000, "nimbus.thrift.port" 6627, "storm.auth.simple-acl.admins" [], "storm.nimbus.retry.times" 5, "supervisor.worker.start.timeout.secs" 120, "storm.zookeeper.retry.interval" 1000, "logs.users" nil, "transactional.zookeeper.port" nil, "drpc.max_buffer_size" 1048576, "task.credentials.poll.secs" 30, "drpc.https.keystore.type" "JKS", "topology.worker.receiver.thread.count" 1, "supervisor.slots.ports" [6700 6701 6702 6703], "topology.transfer.buffer.size" 1024, "topology.worker.shared.thread.pool.size" 4, "drpc.authorizer.acl.strict" false, "nimbus.file.copy.expiration.secs" 600, "topology.executor.receive.buffer.size" 1024, "nimbus.task.launch.secs" 120, "storm.local.mode.zmq" false, "storm.messaging.netty.buffer_size" 5242880, "worker.heartbeat.frequency.secs" 1, "ui.http.creds.plugin" "backtype.storm.security.auth.DefaultHttpCredentialsPlugin", "storm.zookeeper.root" "/storm", "topology.tick.tuple.freq.secs" nil, "drpc.https.port" -1, "task.refresh.poll.secs" 10, "task.heartbeat.frequency.secs" 3, "storm.messaging.netty.max_wait_ms" 1000, "nimbus.impersonation.authorizer" "backtype.storm.security.auth.authorizer.ImpersonationAuthorizer", "drpc.http.port" 3774, "topology.error.throttle.interval.secs" 10, "storm.messaging.transport" "backtype.storm.messaging.netty.Context", "storm.messaging.netty.authentication" false, "topology.kryo.factory" "backtype.storm.serialization.DefaultKryoFactory", "worker.gc.childopts" "", "nimbus.topology.validator" "backtype.storm.nimbus.DefaultTopologyValidator", "nimbus.cleanup.inbox.freq.secs" 600, "ui.users" nil, "transactional.zookeeper.servers" nil, "supervisor.worker.timeout.secs" 30, "storm.zookeeper.auth.password" nil, "supervisor.childopts" "-Xmx256m", "ui.filter" nil, "ui.header.buffer.bytes" 4096, "topology.disruptor.wait.timeout.millis" 1000, "storm.nimbus.retry.intervalceiling.millis" 60000, "topology.trident.batch.emit.interval.millis" 50, "topology.disruptor.wait.strategy" "com.lmax.disruptor.BlockingWaitStrategy", "storm.auth.simple-acl.users" [], "drpc.invocations.threads" 64, "java.library.path" "/usr/local/lib:/opt/local/lib:/usr/lib", "ui.port" 8080, "storm.messaging.netty.transfer.batch.size" 262144, "logviewer.appender.name" "A1", "nimbus.thrift.max_buffer_size" 1048576, "nimbus.host" "localhost", "storm.auth.simple-acl.users.commands" [], "drpc.request.timeout.secs" 600}
2677 [Test worker] INFO  b.s.d.nimbus - Using default scheduler
2689 [Test worker] INFO  b.s.u.StormBoundedExponentialBackoffRetry - The baseSleepTimeMs [1000] the maxSleepTimeMs [30000] the maxRetries [5]
2724 [Test worker] INFO  o.a.s.s.o.a.c.f.i.CuratorFrameworkImpl - Starting
2726 [Test worker] INFO  o.a.s.s.o.a.z.ZooKeeper - Initiating client connection, connectString=localhost:2000 sessionTimeout=20000 watcher=org.apache.storm.shade.org.apache.curator.ConnectionState@7feb54d0
2740 [Test worker-SendThread(localhost:2000)] INFO  o.a.s.s.o.a.z.ClientCnxn - Opening socket connection to server localhost/0:0:0:0:0:0:0:1:2000. Will not attempt to authenticate using SASL (unknown error)
2778 [Test worker-SendThread(localhost:2000)] INFO  o.a.s.s.o.a.z.ClientCnxn - Socket connection established to localhost/0:0:0:0:0:0:0:1:2000, initiating session
2779 [NIOServerCxn.Factory:0.0.0.0/0.0.0.0:2000] INFO  o.a.s.s.o.a.z.s.NIOServerCnxnFactory - Accepted socket connection from /0:0:0:0:0:0:0:1:63801
2782 [NIOServerCxn.Factory:0.0.0.0/0.0.0.0:2000] INFO  o.a.s.s.o.a.z.s.ZooKeeperServer - Client attempting to establish new session at /0:0:0:0:0:0:0:1:63801
2784 [SyncThread:0] INFO  o.a.s.s.o.a.z.s.p.FileTxnLog - Creating new log file: log.1
2796 [SyncThread:0] INFO  o.a.s.s.o.a.z.s.ZooKeeperServer - Established session 0x15549f8912f0000 with negotiated timeout 20000 for client /0:0:0:0:0:0:0:1:63801
2796 [Test worker-SendThread(localhost:2000)] INFO  o.a.s.s.o.a.z.ClientCnxn - Session establishment complete on server localhost/0:0:0:0:0:0:0:1:2000, sessionid = 0x15549f8912f0000, negotiated timeout = 20000
2798 [Test worker-EventThread] INFO  o.a.s.s.o.a.c.f.s.ConnectionStateManager - State change: CONNECTED
2799 [Test worker-EventThread] INFO  b.s.zookeeper - Zookeeper state update: :connected:none
3819 [ProcessThread(sid:0 cport:-1):] INFO  o.a.s.s.o.a.z.s.PrepRequestProcessor - Processed session termination for sessionid: 0x15549f8912f0000
3820 [Test worker] INFO  o.a.s.s.o.a.z.ZooKeeper - Session: 0x15549f8912f0000 closed
3820 [Test worker-EventThread] INFO  o.a.s.s.o.a.z.ClientCnxn - EventThread shut down
3820 [NIOServerCxn.Factory:0.0.0.0/0.0.0.0:2000] INFO  o.a.s.s.o.a.z.s.NIOServerCnxn - Closed socket connection for client /0:0:0:0:0:0:0:1:63801 which had sessionid 0x15549f8912f0000
3821 [Test worker] INFO  b.s.u.StormBoundedExponentialBackoffRetry - The baseSleepTimeMs [1000] the maxSleepTimeMs [30000] the maxRetries [5]
3821 [Test worker] INFO  o.a.s.s.o.a.c.f.i.CuratorFrameworkImpl - Starting
3821 [Test worker] INFO  o.a.s.s.o.a.z.ZooKeeper - Initiating client connection, connectString=localhost:2000/storm sessionTimeout=20000 watcher=org.apache.storm.shade.org.apache.curator.ConnectionState@572cf1e7
3822 [Test worker-SendThread(localhost:2000)] INFO  o.a.s.s.o.a.z.ClientCnxn - Opening socket connection to server localhost/127.0.0.1:2000. Will not attempt to authenticate using SASL (unknown error)
3823 [Test worker-SendThread(localhost:2000)] INFO  o.a.s.s.o.a.z.ClientCnxn - Socket connection established to localhost/127.0.0.1:2000, initiating session
3823 [NIOServerCxn.Factory:0.0.0.0/0.0.0.0:2000] INFO  o.a.s.s.o.a.z.s.NIOServerCnxnFactory - Accepted socket connection from /127.0.0.1:63802
3823 [NIOServerCxn.Factory:0.0.0.0/0.0.0.0:2000] INFO  o.a.s.s.o.a.z.s.ZooKeeperServer - Client attempting to establish new session at /127.0.0.1:63802
3824 [SyncThread:0] INFO  o.a.s.s.o.a.z.s.ZooKeeperServer - Established session 0x15549f8912f0001 with negotiated timeout 20000 for client /127.0.0.1:63802
3824 [Test worker-SendThread(localhost:2000)] INFO  o.a.s.s.o.a.z.ClientCnxn - Session establishment complete on server localhost/127.0.0.1:2000, sessionid = 0x15549f8912f0001, negotiated timeout = 20000
3824 [Test worker-EventThread] INFO  o.a.s.s.o.a.c.f.s.ConnectionStateManager - State change: CONNECTED
3847 [Test worker] INFO  b.s.u.StormBoundedExponentialBackoffRetry - The baseSleepTimeMs [1000] the maxSleepTimeMs [30000] the maxRetries [5]
3848 [Test worker] INFO  o.a.s.s.o.a.c.f.i.CuratorFrameworkImpl - Starting
3848 [Test worker] INFO  o.a.s.s.o.a.z.ZooKeeper - Initiating client connection, connectString=localhost:2000 sessionTimeout=20000 watcher=org.apache.storm.shade.org.apache.curator.ConnectionState@303c7e0
3850 [Test worker-SendThread(localhost:2000)] INFO  o.a.s.s.o.a.z.ClientCnxn - Opening socket connection to server localhost/0:0:0:0:0:0:0:1:2000. Will not attempt to authenticate using SASL (unknown error)
3851 [Test worker-SendThread(localhost:2000)] INFO  o.a.s.s.o.a.z.ClientCnxn - Socket connection established to localhost/0:0:0:0:0:0:0:1:2000, initiating session
3851 [NIOServerCxn.Factory:0.0.0.0/0.0.0.0:2000] INFO  o.a.s.s.o.a.z.s.NIOServerCnxnFactory - Accepted socket connection from /0:0:0:0:0:0:0:1:63803
3852 [NIOServerCxn.Factory:0.0.0.0/0.0.0.0:2000] INFO  o.a.s.s.o.a.z.s.ZooKeeperServer - Client attempting to establish new session at /0:0:0:0:0:0:0:1:63803
3853 [SyncThread:0] INFO  o.a.s.s.o.a.z.s.ZooKeeperServer - Established session 0x15549f8912f0002 with negotiated timeout 20000 for client /0:0:0:0:0:0:0:1:63803
3853 [Test worker-SendThread(localhost:2000)] INFO  o.a.s.s.o.a.z.ClientCnxn - Session establishment complete on server localhost/0:0:0:0:0:0:0:1:2000, sessionid = 0x15549f8912f0002, negotiated timeout = 20000
3853 [Test worker-EventThread] INFO  o.a.s.s.o.a.c.f.s.ConnectionStateManager - State change: CONNECTED
3854 [Test worker-EventThread] INFO  b.s.zookeeper - Zookeeper state update: :connected:none
3855 [ProcessThread(sid:0 cport:-1):] INFO  o.a.s.s.o.a.z.s.PrepRequestProcessor - Processed session termination for sessionid: 0x15549f8912f0002
3855 [Test worker] INFO  o.a.s.s.o.a.z.ZooKeeper - Session: 0x15549f8912f0002 closed
3855 [Test worker-EventThread] INFO  o.a.s.s.o.a.z.ClientCnxn - EventThread shut down
3856 [NIOServerCxn.Factory:0.0.0.0/0.0.0.0:2000] INFO  o.a.s.s.o.a.z.s.NIOServerCnxn - Closed socket connection for client /0:0:0:0:0:0:0:1:63803 which had sessionid 0x15549f8912f0002
3856 [Test worker] INFO  b.s.u.StormBoundedExponentialBackoffRetry - The baseSleepTimeMs [1000] the maxSleepTimeMs [30000] the maxRetries [5]
3856 [Test worker] INFO  o.a.s.s.o.a.c.f.i.CuratorFrameworkImpl - Starting
3856 [Test worker] INFO  o.a.s.s.o.a.z.ZooKeeper - Initiating client connection, connectString=localhost:2000/storm sessionTimeout=20000 watcher=org.apache.storm.shade.org.apache.curator.ConnectionState@4b44511b
3857 [Test worker] INFO  b.s.u.StormBoundedExponentialBackoffRetry - The baseSleepTimeMs [1000] the maxSleepTimeMs [30000] the maxRetries [5]
3857 [Test worker-SendThread(localhost:2000)] INFO  o.a.s.s.o.a.z.ClientCnxn - Opening socket connection to server localhost/0:0:0:0:0:0:0:1:2000. Will not attempt to authenticate using SASL (unknown error)
3858 [Test worker-SendThread(localhost:2000)] INFO  o.a.s.s.o.a.z.ClientCnxn - Socket connection established to localhost/0:0:0:0:0:0:0:1:2000, initiating session
3858 [NIOServerCxn.Factory:0.0.0.0/0.0.0.0:2000] INFO  o.a.s.s.o.a.z.s.NIOServerCnxnFactory - Accepted socket connection from /0:0:0:0:0:0:0:1:63804
3858 [Test worker] INFO  o.a.s.s.o.a.c.f.i.CuratorFrameworkImpl - Starting
3858 [Test worker] INFO  o.a.s.s.o.a.z.ZooKeeper - Initiating client connection, connectString=localhost:2000 sessionTimeout=20000 watcher=org.apache.storm.shade.org.apache.curator.ConnectionState@160a916f
3859 [Test worker-SendThread(localhost:2000)] INFO  o.a.s.s.o.a.z.ClientCnxn - Opening socket connection to server localhost/0:0:0:0:0:0:0:1:2000. Will not attempt to authenticate using SASL (unknown error)
3860 [Test worker-SendThread(localhost:2000)] INFO  o.a.s.s.o.a.z.ClientCnxn - Socket connection established to localhost/0:0:0:0:0:0:0:1:2000, initiating session
3860 [NIOServerCxn.Factory:0.0.0.0/0.0.0.0:2000] INFO  o.a.s.s.o.a.z.s.ZooKeeperServer - Client attempting to establish new session at /0:0:0:0:0:0:0:1:63804
3860 [NIOServerCxn.Factory:0.0.0.0/0.0.0.0:2000] INFO  o.a.s.s.o.a.z.s.NIOServerCnxnFactory - Accepted socket connection from /0:0:0:0:0:0:0:1:63805
3860 [NIOServerCxn.Factory:0.0.0.0/0.0.0.0:2000] INFO  o.a.s.s.o.a.z.s.ZooKeeperServer - Client attempting to establish new session at /0:0:0:0:0:0:0:1:63805
3861 [SyncThread:0] INFO  o.a.s.s.o.a.z.s.ZooKeeperServer - Established session 0x15549f8912f0003 with negotiated timeout 20000 for client /0:0:0:0:0:0:0:1:63804
3861 [Test worker-SendThread(localhost:2000)] INFO  o.a.s.s.o.a.z.ClientCnxn - Session establishment complete on server localhost/0:0:0:0:0:0:0:1:2000, sessionid = 0x15549f8912f0003, negotiated timeout = 20000
3861 [Test worker-EventThread] INFO  o.a.s.s.o.a.c.f.s.ConnectionStateManager - State change: CONNECTED
3861 [Test worker-SendThread(localhost:2000)] INFO  o.a.s.s.o.a.z.ClientCnxn - Session establishment complete on server localhost/0:0:0:0:0:0:0:1:2000, sessionid = 0x15549f8912f0004, negotiated timeout = 20000
3861 [SyncThread:0] INFO  o.a.s.s.o.a.z.s.ZooKeeperServer - Established session 0x15549f8912f0004 with negotiated timeout 20000 for client /0:0:0:0:0:0:0:1:63805
3861 [Test worker-EventThread] INFO  o.a.s.s.o.a.c.f.s.ConnectionStateManager - State change: CONNECTED
3862 [Test worker-EventThread] INFO  b.s.zookeeper - Zookeeper state update: :connected:none
3863 [ProcessThread(sid:0 cport:-1):] INFO  o.a.s.s.o.a.z.s.PrepRequestProcessor - Processed session termination for sessionid: 0x15549f8912f0004
3863 [Test worker] INFO  o.a.s.s.o.a.z.ZooKeeper - Session: 0x15549f8912f0004 closed
3863 [NIOServerCxn.Factory:0.0.0.0/0.0.0.0:2000] INFO  o.a.s.s.o.a.z.s.NIOServerCnxn - Closed socket connection for client /0:0:0:0:0:0:0:1:63805 which had sessionid 0x15549f8912f0004
3863 [Test worker-EventThread] INFO  o.a.s.s.o.a.z.ClientCnxn - EventThread shut down
3863 [Test worker] INFO  b.s.u.StormBoundedExponentialBackoffRetry - The baseSleepTimeMs [1000] the maxSleepTimeMs [30000] the maxRetries [5]
3864 [Test worker] INFO  o.a.s.s.o.a.c.f.i.CuratorFrameworkImpl - Starting
3864 [Test worker] INFO  o.a.s.s.o.a.z.ZooKeeper - Initiating client connection, connectString=localhost:2000/storm sessionTimeout=20000 watcher=org.apache.storm.shade.org.apache.curator.ConnectionState@73553950
3865 [Test worker-SendThread(localhost:2000)] INFO  o.a.s.s.o.a.z.ClientCnxn - Opening socket connection to server localhost/0:0:0:0:0:0:0:1:2000. Will not attempt to authenticate using SASL (unknown error)
3866 [Test worker-SendThread(localhost:2000)] INFO  o.a.s.s.o.a.z.ClientCnxn - Socket connection established to localhost/0:0:0:0:0:0:0:1:2000, initiating session
3867 [NIOServerCxn.Factory:0.0.0.0/0.0.0.0:2000] INFO  o.a.s.s.o.a.z.s.NIOServerCnxnFactory - Accepted socket connection from /0:0:0:0:0:0:0:1:63806
3867 [NIOServerCxn.Factory:0.0.0.0/0.0.0.0:2000] INFO  o.a.s.s.o.a.z.s.ZooKeeperServer - Client attempting to establish new session at /0:0:0:0:0:0:0:1:63806
3869 [SyncThread:0] INFO  o.a.s.s.o.a.z.s.ZooKeeperServer - Established session 0x15549f8912f0005 with negotiated timeout 20000 for client /0:0:0:0:0:0:0:1:63806
3869 [Test worker-SendThread(localhost:2000)] INFO  o.a.s.s.o.a.z.ClientCnxn - Session establishment complete on server localhost/0:0:0:0:0:0:0:1:2000, sessionid = 0x15549f8912f0005, negotiated timeout = 20000
3869 [Test worker-EventThread] INFO  o.a.s.s.o.a.c.f.s.ConnectionStateManager - State change: CONNECTED
3877 [Test worker] INFO  b.s.d.supervisor - Starting Supervisor with conf {"topology.builtin.metrics.bucket.size.secs" 60, "nimbus.childopts" "-Xmx1024m", "ui.filter.params" nil, "storm.cluster.mode" "local", "storm.messaging.netty.client_worker_threads" 1, "supervisor.run.worker.as.user" false, "topology.max.task.parallelism" nil, "zmq.threads" 1, "storm.group.mapping.service" "backtype.storm.security.auth.ShellBasedGroupsMapping", "transactional.zookeeper.root" "/transactional", "topology.sleep.spout.wait.strategy.time.ms" 1, "drpc.invocations.port" 3773, "topology.multilang.serializer" "backtype.storm.multilang.JsonSerializer", "storm.messaging.netty.server_worker_threads" 1, "topology.max.error.report.per.interval" 5, "storm.thrift.transport" "backtype.storm.security.auth.SimpleTransportPlugin", "zmq.hwm" 0, "storm.principal.tolocal" "backtype.storm.security.auth.DefaultPrincipalToLocal", "supervisor.worker.shutdown.sleep.secs" 1, "storm.zookeeper.retry.times" 5, "ui.actions.enabled" true, "zmq.linger.millis" 0, "supervisor.enable" true, "topology.stats.sample.rate" 0.05, "storm.messaging.netty.min_wait_ms" 100, "storm.zookeeper.port" 2000, "supervisor.heartbeat.frequency.secs" 5, "topology.enable.message.timeouts" true, "drpc.worker.threads" 64, "drpc.queue.size" 128, "drpc.https.keystore.password" "", "logviewer.port" 8000, "nimbus.reassign" true, "topology.executor.send.buffer.size" 1024, "topology.spout.wait.strategy" "backtype.storm.spout.SleepSpoutWaitStrategy", "ui.host" "0.0.0.0", "storm.nimbus.retry.interval.millis" 2000, "nimbus.inbox.jar.expiration.secs" 3600, "dev.zookeeper.path" "/tmp/dev-storm-zookeeper", "topology.acker.executors" nil, "topology.fall.back.on.java.serialization" true, "storm.zookeeper.servers" ["localhost"], "nimbus.thrift.threads" 64, "logviewer.cleanup.age.mins" 10080, "topology.worker.childopts" nil, "topology.classpath" nil, "supervisor.monitor.frequency.secs" 3, "nimbus.credential.renewers.freq.secs" 600, "topology.skip.missing.kryo.registrations" true, "drpc.authorizer.acl.filename" "drpc-auth-acl.yaml", "storm.group.mapping.service.cache.duration.secs" 120, "topology.testing.always.try.serialize" false, "nimbus.monitor.freq.secs" 10, "supervisor.supervisors" [], "topology.tasks" nil, "topology.bolts.outgoing.overflow.buffer.enable" false, "storm.messaging.netty.socket.backlog" 500, "topology.workers" 1, "storm.local.dir" "/var/folders/wx/0l_6v33921n3zqf95m01p5sh0000gn/T//4c22ffe5-06e3-4ade-9ae6-3bd11742e4aa", "worker.childopts" "-Xmx768m", "storm.auth.simple-white-list.users" [], "topology.message.timeout.secs" 30, "topology.state.synchronization.timeout.secs" 60, "topology.tuple.serializer" "backtype.storm.serialization.types.ListDelegateSerializer", "supervisor.supervisors.commands" [], "logviewer.childopts" "-Xmx128m", "topology.environment" nil, "topology.debug" false, "storm.messaging.netty.max_retries" 300, "ui.childopts" "-Xmx768m", "storm.zookeeper.session.timeout" 20000, "drpc.childopts" "-Xmx768m", "drpc.http.creds.plugin" "backtype.storm.security.auth.DefaultHttpCredentialsPlugin", "storm.zookeeper.connection.timeout" 15000, "storm.zookeeper.auth.user" nil, "storm.meta.serialization.delegate" "backtype.storm.serialization.GzipThriftSerializationDelegate", "topology.max.spout.pending" nil, "nimbus.supervisor.timeout.secs" 60, "nimbus.task.timeout.secs" 30, "drpc.port" 3772, "storm.zookeeper.retry.intervalceiling.millis" 30000, "nimbus.thrift.port" 6627, "storm.auth.simple-acl.admins" [], "storm.nimbus.retry.times" 5, "supervisor.worker.start.timeout.secs" 120, "storm.zookeeper.retry.interval" 1000, "logs.users" nil, "transactional.zookeeper.port" nil, "drpc.max_buffer_size" 1048576, "task.credentials.poll.secs" 30, "drpc.https.keystore.type" "JKS", "topology.worker.receiver.thread.count" 1, "supervisor.slots.ports" (1024 1025 1026), "topology.transfer.buffer.size" 1024, "topology.worker.shared.thread.pool.size" 4, "drpc.authorizer.acl.strict" false, "nimbus.file.copy.expiration.secs" 600, "topology.executor.receive.buffer.size" 1024, "nimbus.task.launch.secs" 120, "storm.local.mode.zmq" false, "storm.messaging.netty.buffer_size" 5242880, "worker.heartbeat.frequency.secs" 1, "ui.http.creds.plugin" "backtype.storm.security.auth.DefaultHttpCredentialsPlugin", "storm.zookeeper.root" "/storm", "topology.tick.tuple.freq.secs" nil, "drpc.https.port" -1, "task.refresh.poll.secs" 10, "task.heartbeat.frequency.secs" 3, "storm.messaging.netty.max_wait_ms" 1000, "nimbus.impersonation.authorizer" "backtype.storm.security.auth.authorizer.ImpersonationAuthorizer", "drpc.http.port" 3774, "topology.error.throttle.interval.secs" 10, "storm.messaging.transport" "backtype.storm.messaging.netty.Context", "storm.messaging.netty.authentication" false, "topology.kryo.factory" "backtype.storm.serialization.DefaultKryoFactory", "worker.gc.childopts" "", "nimbus.topology.validator" "backtype.storm.nimbus.DefaultTopologyValidator", "nimbus.cleanup.inbox.freq.secs" 600, "ui.users" nil, "transactional.zookeeper.servers" nil, "supervisor.worker.timeout.secs" 30, "storm.zookeeper.auth.password" nil, "supervisor.childopts" "-Xmx256m", "ui.filter" nil, "ui.header.buffer.bytes" 4096, "topology.disruptor.wait.timeout.millis" 1000, "storm.nimbus.retry.intervalceiling.millis" 60000, "topology.trident.batch.emit.interval.millis" 50, "topology.disruptor.wait.strategy" "com.lmax.disruptor.BlockingWaitStrategy", "storm.auth.simple-acl.users" [], "drpc.invocations.threads" 64, "java.library.path" "/usr/local/lib:/opt/local/lib:/usr/lib", "ui.port" 8080, "storm.messaging.netty.transfer.batch.size" 262144, "logviewer.appender.name" "A1", "nimbus.thrift.max_buffer_size" 1048576, "nimbus.host" "localhost", "storm.auth.simple-acl.users.commands" [], "drpc.request.timeout.secs" 600}
3893 [Test worker] INFO  b.s.u.StormBoundedExponentialBackoffRetry - The baseSleepTimeMs [1000] the maxSleepTimeMs [30000] the maxRetries [5]
3894 [Test worker] INFO  o.a.s.s.o.a.c.f.i.CuratorFrameworkImpl - Starting
3894 [Test worker] INFO  o.a.s.s.o.a.z.ZooKeeper - Initiating client connection, connectString=localhost:2000 sessionTimeout=20000 watcher=org.apache.storm.shade.org.apache.curator.ConnectionState@7d8dcbcf
3895 [Test worker-SendThread(localhost:2000)] INFO  o.a.s.s.o.a.z.ClientCnxn - Opening socket connection to server localhost/127.0.0.1:2000. Will not attempt to authenticate using SASL (unknown error)
3895 [Test worker-SendThread(localhost:2000)] INFO  o.a.s.s.o.a.z.ClientCnxn - Socket connection established to localhost/127.0.0.1:2000, initiating session
3895 [NIOServerCxn.Factory:0.0.0.0/0.0.0.0:2000] INFO  o.a.s.s.o.a.z.s.NIOServerCnxnFactory - Accepted socket connection from /127.0.0.1:63807
3896 [NIOServerCxn.Factory:0.0.0.0/0.0.0.0:2000] INFO  o.a.s.s.o.a.z.s.ZooKeeperServer - Client attempting to establish new session at /127.0.0.1:63807
3896 [SyncThread:0] INFO  o.a.s.s.o.a.z.s.ZooKeeperServer - Established session 0x15549f8912f0006 with negotiated timeout 20000 for client /127.0.0.1:63807
3896 [Test worker-SendThread(localhost:2000)] INFO  o.a.s.s.o.a.z.ClientCnxn - Session establishment complete on server localhost/127.0.0.1:2000, sessionid = 0x15549f8912f0006, negotiated timeout = 20000
3896 [Test worker-EventThread] INFO  o.a.s.s.o.a.c.f.s.ConnectionStateManager - State change: CONNECTED
3897 [Test worker-EventThread] INFO  b.s.zookeeper - Zookeeper state update: :connected:none
3898 [ProcessThread(sid:0 cport:-1):] INFO  o.a.s.s.o.a.z.s.PrepRequestProcessor - Processed session termination for sessionid: 0x15549f8912f0006
3898 [Test worker] INFO  o.a.s.s.o.a.z.ZooKeeper - Session: 0x15549f8912f0006 closed
3898 [Test worker-EventThread] INFO  o.a.s.s.o.a.z.ClientCnxn - EventThread shut down
3898 [NIOServerCxn.Factory:0.0.0.0/0.0.0.0:2000] INFO  o.a.s.s.o.a.z.s.NIOServerCnxn - Closed socket connection for client /127.0.0.1:63807 which had sessionid 0x15549f8912f0006
3898 [Test worker] INFO  b.s.u.StormBoundedExponentialBackoffRetry - The baseSleepTimeMs [1000] the maxSleepTimeMs [30000] the maxRetries [5]
3899 [Test worker] INFO  o.a.s.s.o.a.c.f.i.CuratorFrameworkImpl - Starting
3900 [Test worker] INFO  o.a.s.s.o.a.z.ZooKeeper - Initiating client connection, connectString=localhost:2000/storm sessionTimeout=20000 watcher=org.apache.storm.shade.org.apache.curator.ConnectionState@28a2abfb
3902 [Test worker-SendThread(localhost:2000)] INFO  o.a.s.s.o.a.z.ClientCnxn - Opening socket connection to server localhost/0:0:0:0:0:0:0:1:2000. Will not attempt to authenticate using SASL (unknown error)
3902 [Test worker-SendThread(localhost:2000)] INFO  o.a.s.s.o.a.z.ClientCnxn - Socket connection established to localhost/0:0:0:0:0:0:0:1:2000, initiating session
3902 [NIOServerCxn.Factory:0.0.0.0/0.0.0.0:2000] INFO  o.a.s.s.o.a.z.s.NIOServerCnxnFactory - Accepted socket connection from /0:0:0:0:0:0:0:1:63808
3903 [NIOServerCxn.Factory:0.0.0.0/0.0.0.0:2000] INFO  o.a.s.s.o.a.z.s.ZooKeeperServer - Client attempting to establish new session at /0:0:0:0:0:0:0:1:63808
3903 [SyncThread:0] INFO  o.a.s.s.o.a.z.s.ZooKeeperServer - Established session 0x15549f8912f0007 with negotiated timeout 20000 for client /0:0:0:0:0:0:0:1:63808
3904 [Test worker-SendThread(localhost:2000)] INFO  o.a.s.s.o.a.z.ClientCnxn - Session establishment complete on server localhost/0:0:0:0:0:0:0:1:2000, sessionid = 0x15549f8912f0007, negotiated timeout = 20000
3904 [Test worker-EventThread] INFO  o.a.s.s.o.a.c.f.s.ConnectionStateManager - State change: CONNECTED
3920 [Test worker] INFO  b.s.d.supervisor - Starting supervisor with id edea7dab-d145-4ec8-b114-6c72f3e6582c at host 172.18.42.72
3922 [Test worker] INFO  b.s.d.supervisor - Starting Supervisor with conf {"topology.builtin.metrics.bucket.size.secs" 60, "nimbus.childopts" "-Xmx1024m", "ui.filter.params" nil, "storm.cluster.mode" "local", "storm.messaging.netty.client_worker_threads" 1, "supervisor.run.worker.as.user" false, "topology.max.task.parallelism" nil, "zmq.threads" 1, "storm.group.mapping.service" "backtype.storm.security.auth.ShellBasedGroupsMapping", "transactional.zookeeper.root" "/transactional", "topology.sleep.spout.wait.strategy.time.ms" 1, "drpc.invocations.port" 3773, "topology.multilang.serializer" "backtype.storm.multilang.JsonSerializer", "storm.messaging.netty.server_worker_threads" 1, "topology.max.error.report.per.interval" 5, "storm.thrift.transport" "backtype.storm.security.auth.SimpleTransportPlugin", "zmq.hwm" 0, "storm.principal.tolocal" "backtype.storm.security.auth.DefaultPrincipalToLocal", "supervisor.worker.shutdown.sleep.secs" 1, "storm.zookeeper.retry.times" 5, "ui.actions.enabled" true, "zmq.linger.millis" 0, "supervisor.enable" true, "topology.stats.sample.rate" 0.05, "storm.messaging.netty.min_wait_ms" 100, "storm.zookeeper.port" 2000, "supervisor.heartbeat.frequency.secs" 5, "topology.enable.message.timeouts" true, "drpc.worker.threads" 64, "drpc.queue.size" 128, "drpc.https.keystore.password" "", "logviewer.port" 8000, "nimbus.reassign" true, "topology.executor.send.buffer.size" 1024, "topology.spout.wait.strategy" "backtype.storm.spout.SleepSpoutWaitStrategy", "ui.host" "0.0.0.0", "storm.nimbus.retry.interval.millis" 2000, "nimbus.inbox.jar.expiration.secs" 3600, "dev.zookeeper.path" "/tmp/dev-storm-zookeeper", "topology.acker.executors" nil, "topology.fall.back.on.java.serialization" true, "storm.zookeeper.servers" ["localhost"], "nimbus.thrift.threads" 64, "logviewer.cleanup.age.mins" 10080, "topology.worker.childopts" nil, "topology.classpath" nil, "supervisor.monitor.frequency.secs" 3, "nimbus.credential.renewers.freq.secs" 600, "topology.skip.missing.kryo.registrations" true, "drpc.authorizer.acl.filename" "drpc-auth-acl.yaml", "storm.group.mapping.service.cache.duration.secs" 120, "topology.testing.always.try.serialize" false, "nimbus.monitor.freq.secs" 10, "supervisor.supervisors" [], "topology.tasks" nil, "topology.bolts.outgoing.overflow.buffer.enable" false, "storm.messaging.netty.socket.backlog" 500, "topology.workers" 1, "storm.local.dir" "/var/folders/wx/0l_6v33921n3zqf95m01p5sh0000gn/T//b3befaf8-092b-469e-8bad-ebedfe621b14", "worker.childopts" "-Xmx768m", "storm.auth.simple-white-list.users" [], "topology.message.timeout.secs" 30, "topology.state.synchronization.timeout.secs" 60, "topology.tuple.serializer" "backtype.storm.serialization.types.ListDelegateSerializer", "supervisor.supervisors.commands" [], "logviewer.childopts" "-Xmx128m", "topology.environment" nil, "topology.debug" false, "storm.messaging.netty.max_retries" 300, "ui.childopts" "-Xmx768m", "storm.zookeeper.session.timeout" 20000, "drpc.childopts" "-Xmx768m", "drpc.http.creds.plugin" "backtype.storm.security.auth.DefaultHttpCredentialsPlugin", "storm.zookeeper.connection.timeout" 15000, "storm.zookeeper.auth.user" nil, "storm.meta.serialization.delegate" "backtype.storm.serialization.GzipThriftSerializationDelegate", "topology.max.spout.pending" nil, "nimbus.supervisor.timeout.secs" 60, "nimbus.task.timeout.secs" 30, "drpc.port" 3772, "storm.zookeeper.retry.intervalceiling.millis" 30000, "nimbus.thrift.port" 6627, "storm.auth.simple-acl.admins" [], "storm.nimbus.retry.times" 5, "supervisor.worker.start.timeout.secs" 120, "storm.zookeeper.retry.interval" 1000, "logs.users" nil, "transactional.zookeeper.port" nil, "drpc.max_buffer_size" 1048576, "task.credentials.poll.secs" 30, "drpc.https.keystore.type" "JKS", "topology.worker.receiver.thread.count" 1, "supervisor.slots.ports" (1027 1028 1029), "topology.transfer.buffer.size" 1024, "topology.worker.shared.thread.pool.size" 4, "drpc.authorizer.acl.strict" false, "nimbus.file.copy.expiration.secs" 600, "topology.executor.receive.buffer.size" 1024, "nimbus.task.launch.secs" 120, "storm.local.mode.zmq" false, "storm.messaging.netty.buffer_size" 5242880, "worker.heartbeat.frequency.secs" 1, "ui.http.creds.plugin" "backtype.storm.security.auth.DefaultHttpCredentialsPlugin", "storm.zookeeper.root" "/storm", "topology.tick.tuple.freq.secs" nil, "drpc.https.port" -1, "task.refresh.poll.secs" 10, "task.heartbeat.frequency.secs" 3, "storm.messaging.netty.max_wait_ms" 1000, "nimbus.impersonation.authorizer" "backtype.storm.security.auth.authorizer.ImpersonationAuthorizer", "drpc.http.port" 3774, "topology.error.throttle.interval.secs" 10, "storm.messaging.transport" "backtype.storm.messaging.netty.Context", "storm.messaging.netty.authentication" false, "topology.kryo.factory" "backtype.storm.serialization.DefaultKryoFactory", "worker.gc.childopts" "", "nimbus.topology.validator" "backtype.storm.nimbus.DefaultTopologyValidator", "nimbus.cleanup.inbox.freq.secs" 600, "ui.users" nil, "transactional.zookeeper.servers" nil, "supervisor.worker.timeout.secs" 30, "storm.zookeeper.auth.password" nil, "supervisor.childopts" "-Xmx256m", "ui.filter" nil, "ui.header.buffer.bytes" 4096, "topology.disruptor.wait.timeout.millis" 1000, "storm.nimbus.retry.intervalceiling.millis" 60000, "topology.trident.batch.emit.interval.millis" 50, "topology.disruptor.wait.strategy" "com.lmax.disruptor.BlockingWaitStrategy", "storm.auth.simple-acl.users" [], "drpc.invocations.threads" 64, "java.library.path" "/usr/local/lib:/opt/local/lib:/usr/lib", "ui.port" 8080, "storm.messaging.netty.transfer.batch.size" 262144, "logviewer.appender.name" "A1", "nimbus.thrift.max_buffer_size" 1048576, "nimbus.host" "localhost", "storm.auth.simple-acl.users.commands" [], "drpc.request.timeout.secs" 600}
3924 [Test worker] INFO  b.s.u.StormBoundedExponentialBackoffRetry - The baseSleepTimeMs [1000] the maxSleepTimeMs [30000] the maxRetries [5]
3925 [Test worker] INFO  o.a.s.s.o.a.c.f.i.CuratorFrameworkImpl - Starting
3925 [Test worker] INFO  o.a.s.s.o.a.z.ZooKeeper - Initiating client connection, connectString=localhost:2000 sessionTimeout=20000 watcher=org.apache.storm.shade.org.apache.curator.ConnectionState@56bf28d6
3926 [Test worker-SendThread(localhost:2000)] INFO  o.a.s.s.o.a.z.ClientCnxn - Opening socket connection to server localhost/127.0.0.1:2000. Will not attempt to authenticate using SASL (unknown error)
3926 [Test worker-SendThread(localhost:2000)] INFO  o.a.s.s.o.a.z.ClientCnxn - Socket connection established to localhost/127.0.0.1:2000, initiating session
3926 [NIOServerCxn.Factory:0.0.0.0/0.0.0.0:2000] INFO  o.a.s.s.o.a.z.s.NIOServerCnxnFactory - Accepted socket connection from /127.0.0.1:63809
3927 [NIOServerCxn.Factory:0.0.0.0/0.0.0.0:2000] INFO  o.a.s.s.o.a.z.s.ZooKeeperServer - Client attempting to establish new session at /127.0.0.1:63809
3927 [SyncThread:0] INFO  o.a.s.s.o.a.z.s.ZooKeeperServer - Established session 0x15549f8912f0008 with negotiated timeout 20000 for client /127.0.0.1:63809
3927 [Test worker-SendThread(localhost:2000)] INFO  o.a.s.s.o.a.z.ClientCnxn - Session establishment complete on server localhost/127.0.0.1:2000, sessionid = 0x15549f8912f0008, negotiated timeout = 20000
3927 [Test worker-EventThread] INFO  o.a.s.s.o.a.c.f.s.ConnectionStateManager - State change: CONNECTED
3928 [Test worker-EventThread] INFO  b.s.zookeeper - Zookeeper state update: :connected:none
3928 [ProcessThread(sid:0 cport:-1):] INFO  o.a.s.s.o.a.z.s.PrepRequestProcessor - Processed session termination for sessionid: 0x15549f8912f0008
3929 [Test worker] INFO  o.a.s.s.o.a.z.ZooKeeper - Session: 0x15549f8912f0008 closed
3929 [Test worker-EventThread] INFO  o.a.s.s.o.a.z.ClientCnxn - EventThread shut down
3929 [NIOServerCxn.Factory:0.0.0.0/0.0.0.0:2000] INFO  o.a.s.s.o.a.z.s.NIOServerCnxn - Closed socket connection for client /127.0.0.1:63809 which had sessionid 0x15549f8912f0008
3929 [Test worker] INFO  b.s.u.StormBoundedExponentialBackoffRetry - The baseSleepTimeMs [1000] the maxSleepTimeMs [30000] the maxRetries [5]
3929 [Test worker] INFO  o.a.s.s.o.a.c.f.i.CuratorFrameworkImpl - Starting
3930 [Test worker] INFO  o.a.s.s.o.a.z.ZooKeeper - Initiating client connection, connectString=localhost:2000/storm sessionTimeout=20000 watcher=org.apache.storm.shade.org.apache.curator.ConnectionState@2b48674d
3931 [Test worker-SendThread(localhost:2000)] INFO  o.a.s.s.o.a.z.ClientCnxn - Opening socket connection to server localhost/0:0:0:0:0:0:0:1:2000. Will not attempt to authenticate using SASL (unknown error)
3931 [Test worker-SendThread(localhost:2000)] INFO  o.a.s.s.o.a.z.ClientCnxn - Socket connection established to localhost/0:0:0:0:0:0:0:1:2000, initiating session
3931 [NIOServerCxn.Factory:0.0.0.0/0.0.0.0:2000] INFO  o.a.s.s.o.a.z.s.NIOServerCnxnFactory - Accepted socket connection from /0:0:0:0:0:0:0:1:63810
3931 [NIOServerCxn.Factory:0.0.0.0/0.0.0.0:2000] INFO  o.a.s.s.o.a.z.s.ZooKeeperServer - Client attempting to establish new session at /0:0:0:0:0:0:0:1:63810
3932 [SyncThread:0] INFO  o.a.s.s.o.a.z.s.ZooKeeperServer - Established session 0x15549f8912f0009 with negotiated timeout 20000 for client /0:0:0:0:0:0:0:1:63810
3932 [Test worker-SendThread(localhost:2000)] INFO  o.a.s.s.o.a.z.ClientCnxn - Session establishment complete on server localhost/0:0:0:0:0:0:0:1:2000, sessionid = 0x15549f8912f0009, negotiated timeout = 20000
3933 [Test worker-EventThread] INFO  o.a.s.s.o.a.c.f.s.ConnectionStateManager - State change: CONNECTED
3940 [Test worker] INFO  b.s.d.supervisor - Starting supervisor with id 530c1cf6-7e79-4b3a-a341-8cf3f9c2b0ec at host 172.18.42.72
3940 [Test worker] INFO  c.n.s.t.b.TestAddBolt - Cluster Created
3942 [Test worker] INFO  c.n.s.t.b.TestAddBolt - Starting Topology
3975 [Test worker] INFO  o.a.s.f.p.FluxParser - loading YAML from input stream...
3976 [Test worker] INFO  o.a.s.f.p.FluxParser - Not performing property substitution.
3976 [Test worker] INFO  o.a.s.f.p.FluxParser - Not performing environment variable substitution.
4023 [Test worker] INFO  c.n.s.i.q.MessageQueue - Creating Message Stream [spout-1 --> bolt-1]
4024 [Test worker] INFO  c.n.s.i.TestStormTopologyBuilder - Total Spouts Created= 1
4024 [Test worker] INFO  c.n.s.i.q.MessageQueue - Creating Message Stream [add-bolt --> print-bolt]
4025 [Test worker] INFO  c.n.s.i.TestStormTopologyBuilder - Total boltOutputStreams = 1
4027 [Test worker] INFO  c.n.s.i.TestStormTopologyBuilder - Spout Created : SPOUT-0, for input stream spout-1 --> bolt-1 
4027 [Test worker] INFO  c.n.s.i.TestStormTopologyBuilder - Bolt Created : BOLT-0, for output stream add-bolt --> print-bolt 
4039 [Test worker] INFO  b.s.d.nimbus - [req 1] Access from:  principal: op:submitTopology
4069 [Test worker] INFO  b.s.d.nimbus - Received topology submission for test-topology with conf {"topology.max.task.parallelism" nil, "topology.submitter.principal" "", "topology.acker.executors" nil, "storm.zookeeper.superACL" nil, "topology.users" (), "topology.submitter.user" "", "topology.kryo.register" nil, "topology.kryo.decorators" (), "storm.id" "test-topology-1-1465824876", "topology.name" "test-topology"}
4075 [Test worker] INFO  b.s.d.nimbus - nimbus file location:/var/folders/wx/0l_6v33921n3zqf95m01p5sh0000gn/T//2c43a643-3673-48e4-8878-e68d4b709ee9/nimbus/stormdist/test-topology-1-1465824876
4092 [Test worker] INFO  b.s.d.nimbus - Activating test-topology: test-topology-1-1465824876
4163 [Test worker] INFO  b.s.s.EvenScheduler - Available slots: (["530c1cf6-7e79-4b3a-a341-8cf3f9c2b0ec" 1027] ["530c1cf6-7e79-4b3a-a341-8cf3f9c2b0ec" 1028] ["530c1cf6-7e79-4b3a-a341-8cf3f9c2b0ec" 1029] ["edea7dab-d145-4ec8-b114-6c72f3e6582c" 1024] ["edea7dab-d145-4ec8-b114-6c72f3e6582c" 1025] ["edea7dab-d145-4ec8-b114-6c72f3e6582c" 1026])
4182 [Test worker] INFO  b.s.d.nimbus - Setting new assignment for topology id test-topology-1-1465824876: #backtype.storm.daemon.common.Assignment{:master-code-dir "/var/folders/wx/0l_6v33921n3zqf95m01p5sh0000gn/T//2c43a643-3673-48e4-8878-e68d4b709ee9/nimbus/stormdist/test-topology-1-1465824876", :node->host {"530c1cf6-7e79-4b3a-a341-8cf3f9c2b0ec" "172.18.42.72"}, :executor->node+port {[4 4] ["530c1cf6-7e79-4b3a-a341-8cf3f9c2b0ec" 1027], [3 3] ["530c1cf6-7e79-4b3a-a341-8cf3f9c2b0ec" 1027], [2 2] ["530c1cf6-7e79-4b3a-a341-8cf3f9c2b0ec" 1027], [1 1] ["530c1cf6-7e79-4b3a-a341-8cf3f9c2b0ec" 1027]}, :executor->start-time-secs {[4 4] 1465824876, [3 3] 1465824876, [2 2] 1465824876, [1 1] 1465824876}}
5054 [Thread-9] INFO  b.s.d.supervisor - Extracting resources from jar at /Users/syedali/.m2/repository/org/apache/storm/flux-core/0.10.1/flux-core-0.10.1.jar to /var/folders/wx/0l_6v33921n3zqf95m01p5sh0000gn/T//b3befaf8-092b-469e-8bad-ebedfe621b14/supervisor/stormdist/test-topology-1-1465824876/resources
5067 [Thread-10] INFO  b.s.d.supervisor - Launching worker with assignment {:storm-id "test-topology-1-1465824876", :executors [[4 4] [3 3] [2 2] [1 1]]} for this supervisor 530c1cf6-7e79-4b3a-a341-8cf3f9c2b0ec on port 1027 with id 31ecdd6e-a3d6-45ab-bf70-388393e167b1
5069 [Thread-10] INFO  b.s.d.worker - Launching worker for test-topology-1-1465824876 on 530c1cf6-7e79-4b3a-a341-8cf3f9c2b0ec:1027 with id 31ecdd6e-a3d6-45ab-bf70-388393e167b1 and conf {"topology.builtin.metrics.bucket.size.secs" 60, "nimbus.childopts" "-Xmx1024m", "ui.filter.params" nil, "storm.cluster.mode" "local", "storm.messaging.netty.client_worker_threads" 1, "supervisor.run.worker.as.user" false, "topology.max.task.parallelism" nil, "zmq.threads" 1, "storm.group.mapping.service" "backtype.storm.security.auth.ShellBasedGroupsMapping", "transactional.zookeeper.root" "/transactional", "topology.sleep.spout.wait.strategy.time.ms" 1, "drpc.invocations.port" 3773, "topology.multilang.serializer" "backtype.storm.multilang.JsonSerializer", "storm.messaging.netty.server_worker_threads" 1, "topology.max.error.report.per.interval" 5, "storm.thrift.transport" "backtype.storm.security.auth.SimpleTransportPlugin", "zmq.hwm" 0, "storm.principal.tolocal" "backtype.storm.security.auth.DefaultPrincipalToLocal", "supervisor.worker.shutdown.sleep.secs" 1, "storm.zookeeper.retry.times" 5, "ui.actions.enabled" true, "zmq.linger.millis" 0, "supervisor.enable" true, "topology.stats.sample.rate" 0.05, "storm.messaging.netty.min_wait_ms" 100, "storm.zookeeper.port" 2000, "supervisor.heartbeat.frequency.secs" 5, "topology.enable.message.timeouts" true, "drpc.worker.threads" 64, "drpc.queue.size" 128, "drpc.https.keystore.password" "", "logviewer.port" 8000, "nimbus.reassign" true, "topology.executor.send.buffer.size" 1024, "topology.spout.wait.strategy" "backtype.storm.spout.SleepSpoutWaitStrategy", "ui.host" "0.0.0.0", "storm.nimbus.retry.interval.millis" 2000, "nimbus.inbox.jar.expiration.secs" 3600, "dev.zookeeper.path" "/tmp/dev-storm-zookeeper", "topology.acker.executors" nil, "topology.fall.back.on.java.serialization" true, "storm.zookeeper.servers" ["localhost"], "nimbus.thrift.threads" 64, "logviewer.cleanup.age.mins" 10080, "topology.worker.childopts" nil, "topology.classpath" nil, "supervisor.monitor.frequency.secs" 3, "nimbus.credential.renewers.freq.secs" 600, "topology.skip.missing.kryo.registrations" true, "drpc.authorizer.acl.filename" "drpc-auth-acl.yaml", "storm.group.mapping.service.cache.duration.secs" 120, "topology.testing.always.try.serialize" false, "nimbus.monitor.freq.secs" 10, "supervisor.supervisors" [], "topology.tasks" nil, "topology.bolts.outgoing.overflow.buffer.enable" false, "storm.messaging.netty.socket.backlog" 500, "topology.workers" 1, "storm.local.dir" "/var/folders/wx/0l_6v33921n3zqf95m01p5sh0000gn/T//b3befaf8-092b-469e-8bad-ebedfe621b14", "worker.childopts" "-Xmx768m", "storm.auth.simple-white-list.users" [], "topology.message.timeout.secs" 30, "topology.state.synchronization.timeout.secs" 60, "topology.tuple.serializer" "backtype.storm.serialization.types.ListDelegateSerializer", "supervisor.supervisors.commands" [], "logviewer.childopts" "-Xmx128m", "topology.environment" nil, "topology.debug" false, "storm.messaging.netty.max_retries" 300, "ui.childopts" "-Xmx768m", "storm.zookeeper.session.timeout" 20000, "drpc.childopts" "-Xmx768m", "drpc.http.creds.plugin" "backtype.storm.security.auth.DefaultHttpCredentialsPlugin", "storm.zookeeper.connection.timeout" 15000, "storm.zookeeper.auth.user" nil, "storm.meta.serialization.delegate" "backtype.storm.serialization.GzipThriftSerializationDelegate", "topology.max.spout.pending" nil, "nimbus.supervisor.timeout.secs" 60, "nimbus.task.timeout.secs" 30, "drpc.port" 3772, "storm.zookeeper.retry.intervalceiling.millis" 30000, "nimbus.thrift.port" 6627, "storm.auth.simple-acl.admins" [], "storm.nimbus.retry.times" 5, "supervisor.worker.start.timeout.secs" 120, "storm.zookeeper.retry.interval" 1000, "logs.users" nil, "transactional.zookeeper.port" nil, "drpc.max_buffer_size" 1048576, "task.credentials.poll.secs" 30, "drpc.https.keystore.type" "JKS", "topology.worker.receiver.thread.count" 1, "supervisor.slots.ports" (1027 1028 1029), "topology.transfer.buffer.size" 1024, "topology.worker.shared.thread.pool.size" 4, "drpc.authorizer.acl.strict" false, "nimbus.file.copy.expiration.secs" 600, "topology.executor.receive.buffer.size" 1024, "nimbus.task.launch.secs" 120, "storm.local.mode.zmq" false, "storm.messaging.netty.buffer_size" 5242880, "worker.heartbeat.frequency.secs" 1, "ui.http.creds.plugin" "backtype.storm.security.auth.DefaultHttpCredentialsPlugin", "storm.zookeeper.root" "/storm", "topology.tick.tuple.freq.secs" nil, "drpc.https.port" -1, "task.refresh.poll.secs" 10, "task.heartbeat.frequency.secs" 3, "storm.messaging.netty.max_wait_ms" 1000, "nimbus.impersonation.authorizer" "backtype.storm.security.auth.authorizer.ImpersonationAuthorizer", "drpc.http.port" 3774, "topology.error.throttle.interval.secs" 10, "storm.messaging.transport" "backtype.storm.messaging.netty.Context", "storm.messaging.netty.authentication" false, "topology.kryo.factory" "backtype.storm.serialization.DefaultKryoFactory", "worker.gc.childopts" "", "nimbus.topology.validator" "backtype.storm.nimbus.DefaultTopologyValidator", "nimbus.cleanup.inbox.freq.secs" 600, "ui.users" nil, "transactional.zookeeper.servers" nil, "supervisor.worker.timeout.secs" 30, "storm.zookeeper.auth.password" nil, "supervisor.childopts" "-Xmx256m", "ui.filter" nil, "ui.header.buffer.bytes" 4096, "topology.disruptor.wait.timeout.millis" 1000, "storm.nimbus.retry.intervalceiling.millis" 60000, "topology.trident.batch.emit.interval.millis" 50, "topology.disruptor.wait.strategy" "com.lmax.disruptor.BlockingWaitStrategy", "storm.auth.simple-acl.users" [], "drpc.invocations.threads" 64, "java.library.path" "/usr/local/lib:/opt/local/lib:/usr/lib", "ui.port" 8080, "storm.messaging.netty.transfer.batch.size" 262144, "logviewer.appender.name" "A1", "nimbus.thrift.max_buffer_size" 1048576, "nimbus.host" "localhost", "storm.auth.simple-acl.users.commands" [], "drpc.request.timeout.secs" 600}
5070 [Thread-10] INFO  b.s.u.StormBoundedExponentialBackoffRetry - The baseSleepTimeMs [1000] the maxSleepTimeMs [30000] the maxRetries [5]
5070 [Thread-10] INFO  o.a.s.s.o.a.c.f.i.CuratorFrameworkImpl - Starting
5071 [Thread-10] INFO  o.a.s.s.o.a.z.ZooKeeper - Initiating client connection, connectString=localhost:2000 sessionTimeout=20000 watcher=org.apache.storm.shade.org.apache.curator.ConnectionState@30a9c69b
5072 [Thread-10-SendThread(localhost:2000)] INFO  o.a.s.s.o.a.z.ClientCnxn - Opening socket connection to server localhost/127.0.0.1:2000. Will not attempt to authenticate using SASL (unknown error)
5072 [NIOServerCxn.Factory:0.0.0.0/0.0.0.0:2000] INFO  o.a.s.s.o.a.z.s.NIOServerCnxnFactory - Accepted socket connection from /127.0.0.1:63811
5072 [Thread-10-SendThread(localhost:2000)] INFO  o.a.s.s.o.a.z.ClientCnxn - Socket connection established to localhost/127.0.0.1:2000, initiating session
5072 [NIOServerCxn.Factory:0.0.0.0/0.0.0.0:2000] INFO  o.a.s.s.o.a.z.s.ZooKeeperServer - Client attempting to establish new session at /127.0.0.1:63811
5073 [SyncThread:0] INFO  o.a.s.s.o.a.z.s.ZooKeeperServer - Established session 0x15549f8912f000a with negotiated timeout 20000 for client /127.0.0.1:63811
5073 [Thread-10-SendThread(localhost:2000)] INFO  o.a.s.s.o.a.z.ClientCnxn - Session establishment complete on server localhost/127.0.0.1:2000, sessionid = 0x15549f8912f000a, negotiated timeout = 20000
5073 [Thread-10-EventThread] INFO  o.a.s.s.o.a.c.f.s.ConnectionStateManager - State change: CONNECTED
5074 [Thread-10-EventThread] INFO  b.s.zookeeper - Zookeeper state update: :connected:none
5075 [ProcessThread(sid:0 cport:-1):] INFO  o.a.s.s.o.a.z.s.PrepRequestProcessor - Processed session termination for sessionid: 0x15549f8912f000a
5076 [Thread-10-EventThread] INFO  o.a.s.s.o.a.z.ClientCnxn - EventThread shut down
5076 [Thread-10] INFO  o.a.s.s.o.a.z.ZooKeeper - Session: 0x15549f8912f000a closed
5076 [NIOServerCxn.Factory:0.0.0.0/0.0.0.0:2000] INFO  o.a.s.s.o.a.z.s.NIOServerCnxn - Closed socket connection for client /127.0.0.1:63811 which had sessionid 0x15549f8912f000a
5076 [Thread-10] INFO  b.s.u.StormBoundedExponentialBackoffRetry - The baseSleepTimeMs [1000] the maxSleepTimeMs [30000] the maxRetries [5]
5077 [Thread-10] INFO  o.a.s.s.o.a.c.f.i.CuratorFrameworkImpl - Starting
5077 [Thread-10] INFO  o.a.s.s.o.a.z.ZooKeeper - Initiating client connection, connectString=localhost:2000/storm sessionTimeout=20000 watcher=org.apache.storm.shade.org.apache.curator.ConnectionState@6ce16803
5078 [Thread-10-SendThread(localhost:2000)] INFO  o.a.s.s.o.a.z.ClientCnxn - Opening socket connection to server localhost/0:0:0:0:0:0:0:1:2000. Will not attempt to authenticate using SASL (unknown error)
5078 [Thread-10-SendThread(localhost:2000)] INFO  o.a.s.s.o.a.z.ClientCnxn - Socket connection established to localhost/0:0:0:0:0:0:0:1:2000, initiating session
5078 [NIOServerCxn.Factory:0.0.0.0/0.0.0.0:2000] INFO  o.a.s.s.o.a.z.s.NIOServerCnxnFactory - Accepted socket connection from /0:0:0:0:0:0:0:1:63812
5078 [NIOServerCxn.Factory:0.0.0.0/0.0.0.0:2000] INFO  o.a.s.s.o.a.z.s.ZooKeeperServer - Client attempting to establish new session at /0:0:0:0:0:0:0:1:63812
5079 [SyncThread:0] INFO  o.a.s.s.o.a.z.s.ZooKeeperServer - Established session 0x15549f8912f000b with negotiated timeout 20000 for client /0:0:0:0:0:0:0:1:63812
5079 [Thread-10-SendThread(localhost:2000)] INFO  o.a.s.s.o.a.z.ClientCnxn - Session establishment complete on server localhost/0:0:0:0:0:0:0:1:2000, sessionid = 0x15549f8912f000b, negotiated timeout = 20000
5079 [Thread-10-EventThread] INFO  o.a.s.s.o.a.c.f.s.ConnectionStateManager - State change: CONNECTED
5082 [Thread-10] INFO  b.s.s.a.AuthUtils - Got AutoCreds []
5084 [Thread-10] INFO  b.s.d.worker - Reading Assignments.
5112 [Thread-10] INFO  b.s.d.worker - Launching receive-thread for 530c1cf6-7e79-4b3a-a341-8cf3f9c2b0ec:1027
5115 [Thread-11-worker-receiver-thread-0] INFO  b.s.m.loader - Starting receive-thread: [stormId: test-topology-1-1465824876, port: 1027, thread-id: 0 ]
5271 [Thread-10] INFO  b.s.d.executor - Loading executor SPOUT-0:[2 2]
5286 [Thread-10] INFO  b.s.d.executor - Loaded executor tasks SPOUT-0:[2 2]
5295 [Thread-10] INFO  b.s.d.executor - Finished loading executor SPOUT-0:[2 2]
5301 [Thread-10] INFO  b.s.d.executor - Loading executor __acker:[3 3]
5305 [Thread-10] INFO  b.s.d.executor - Loaded executor tasks __acker:[3 3]
5310 [Thread-10] INFO  b.s.d.executor - Timeouts disabled for executor __acker:[3 3]
5310 [Thread-10] INFO  b.s.d.executor - Finished loading executor __acker:[3 3]
5314 [Thread-10] INFO  b.s.d.executor - Loading executor BOLT-0:[1 1]
5315 [Thread-10] INFO  b.s.d.executor - Loaded executor tasks BOLT-0:[1 1]
5316 [Thread-10] INFO  b.s.d.executor - Finished loading executor BOLT-0:[1 1]
5320 [Thread-10] INFO  b.s.d.executor - Loading executor __system:[-1 -1]
5321 [Thread-10] INFO  b.s.d.executor - Loaded executor tasks __system:[-1 -1]
5322 [Thread-10] INFO  b.s.d.executor - Finished loading executor __system:[-1 -1]
5326 [Thread-10] INFO  b.s.d.executor - Loading executor add-bolt:[4 4]
5327 [Thread-10] INFO  b.s.d.executor - Loaded executor tasks add-bolt:[4 4]
5328 [Thread-10] INFO  b.s.d.executor - Finished loading executor add-bolt:[4 4]
5334 [Thread-10] INFO  b.s.d.worker - Worker has topology config {"topology.builtin.metrics.bucket.size.secs" 60, "nimbus.childopts" "-Xmx1024m", "ui.filter.params" nil, "storm.cluster.mode" "local", "storm.messaging.netty.client_worker_threads" 1, "supervisor.run.worker.as.user" false, "topology.max.task.parallelism" nil, "zmq.threads" 1, "storm.group.mapping.service" "backtype.storm.security.auth.ShellBasedGroupsMapping", "transactional.zookeeper.root" "/transactional", "topology.sleep.spout.wait.strategy.time.ms" 1, "drpc.invocations.port" 3773, "topology.multilang.serializer" "backtype.storm.multilang.JsonSerializer", "storm.messaging.netty.server_worker_threads" 1, "topology.max.error.report.per.interval" 5, "storm.thrift.transport" "backtype.storm.security.auth.SimpleTransportPlugin", "zmq.hwm" 0, "storm.principal.tolocal" "backtype.storm.security.auth.DefaultPrincipalToLocal", "supervisor.worker.shutdown.sleep.secs" 1, "storm.zookeeper.retry.times" 5, "ui.actions.enabled" true, "zmq.linger.millis" 0, "supervisor.enable" true, "topology.stats.sample.rate" 0.05, "storm.messaging.netty.min_wait_ms" 100, "storm.zookeeper.port" 2000, "supervisor.heartbeat.frequency.secs" 5, "topology.enable.message.timeouts" true, "drpc.worker.threads" 64, "drpc.queue.size" 128, "drpc.https.keystore.password" "", "logviewer.port" 8000, "nimbus.reassign" true, "topology.executor.send.buffer.size" 1024, "topology.spout.wait.strategy" "backtype.storm.spout.SleepSpoutWaitStrategy", "ui.host" "0.0.0.0", "topology.submitter.principal" "", "storm.nimbus.retry.interval.millis" 2000, "nimbus.inbox.jar.expiration.secs" 3600, "dev.zookeeper.path" "/tmp/dev-storm-zookeeper", "topology.acker.executors" nil, "topology.fall.back.on.java.serialization" true, "storm.zookeeper.servers" ["localhost"], "nimbus.thrift.threads" 64, "logviewer.cleanup.age.mins" 10080, "topology.worker.childopts" nil, "topology.classpath" nil, "supervisor.monitor.frequency.secs" 3, "nimbus.credential.renewers.freq.secs" 600, "topology.skip.missing.kryo.registrations" true, "drpc.authorizer.acl.filename" "drpc-auth-acl.yaml", "storm.group.mapping.service.cache.duration.secs" 120, "topology.testing.always.try.serialize" false, "nimbus.monitor.freq.secs" 10, "supervisor.supervisors" [], "topology.tasks" nil, "topology.bolts.outgoing.overflow.buffer.enable" false, "storm.messaging.netty.socket.backlog" 500, "topology.workers" 1, "storm.local.dir" "/var/folders/wx/0l_6v33921n3zqf95m01p5sh0000gn/T//b3befaf8-092b-469e-8bad-ebedfe621b14", "worker.childopts" "-Xmx768m", "storm.auth.simple-white-list.users" [], "topology.message.timeout.secs" 30, "topology.state.synchronization.timeout.secs" 60, "topology.tuple.serializer" "backtype.storm.serialization.types.ListDelegateSerializer", "supervisor.supervisors.commands" [], "logviewer.childopts" "-Xmx128m", "topology.environment" nil, "topology.debug" false, "storm.messaging.netty.max_retries" 300, "ui.childopts" "-Xmx768m", "storm.zookeeper.session.timeout" 20000, "drpc.childopts" "-Xmx768m", "drpc.http.creds.plugin" "backtype.storm.security.auth.DefaultHttpCredentialsPlugin", "storm.zookeeper.connection.timeout" 15000, "storm.zookeeper.auth.user" nil, "storm.meta.serialization.delegate" "backtype.storm.serialization.GzipThriftSerializationDelegate", "topology.max.spout.pending" nil, "nimbus.supervisor.timeout.secs" 60, "nimbus.task.timeout.secs" 30, "storm.zookeeper.superACL" nil, "drpc.port" 3772, "storm.zookeeper.retry.intervalceiling.millis" 30000, "nimbus.thrift.port" 6627, "storm.auth.simple-acl.admins" [], "storm.nimbus.retry.times" 5, "supervisor.worker.start.timeout.secs" 120, "storm.zookeeper.retry.interval" 1000, "logs.users" nil, "transactional.zookeeper.port" nil, "drpc.max_buffer_size" 1048576, "task.credentials.poll.secs" 30, "drpc.https.keystore.type" "JKS", "topology.worker.receiver.thread.count" 1, "supervisor.slots.ports" (1027 1028 1029), "topology.transfer.buffer.size" 1024, "topology.worker.shared.thread.pool.size" 4, "drpc.authorizer.acl.strict" false, "nimbus.file.copy.expiration.secs" 600, "topology.executor.receive.buffer.size" 1024, "topology.users" [], "nimbus.task.launch.secs" 120, "storm.local.mode.zmq" false, "storm.messaging.netty.buffer_size" 5242880, "worker.heartbeat.frequency.secs" 1, "ui.http.creds.plugin" "backtype.storm.security.auth.DefaultHttpCredentialsPlugin", "storm.zookeeper.root" "/storm", "topology.submitter.user" "", "topology.tick.tuple.freq.secs" nil, "drpc.https.port" -1, "task.refresh.poll.secs" 10, "task.heartbeat.frequency.secs" 3, "storm.messaging.netty.max_wait_ms" 1000, "nimbus.impersonation.authorizer" "backtype.storm.security.auth.authorizer.ImpersonationAuthorizer", "drpc.http.port" 3774, "topology.error.throttle.interval.secs" 10, "storm.messaging.transport" "backtype.storm.messaging.netty.Context", "storm.messaging.netty.authentication" false, "topology.kryo.factory" "backtype.storm.serialization.DefaultKryoFactory", "topology.kryo.register" nil, "worker.gc.childopts" "", "nimbus.topology.validator" "backtype.storm.nimbus.DefaultTopologyValidator", "nimbus.cleanup.inbox.freq.secs" 600, "ui.users" nil, "transactional.zookeeper.servers" nil, "supervisor.worker.timeout.secs" 30, "storm.zookeeper.auth.password" nil, "supervisor.childopts" "-Xmx256m", "ui.filter" nil, "ui.header.buffer.bytes" 4096, "topology.disruptor.wait.timeout.millis" 1000, "storm.nimbus.retry.intervalceiling.millis" 60000, "topology.trident.batch.emit.interval.millis" 50, "topology.disruptor.wait.strategy" "com.lmax.disruptor.BlockingWaitStrategy", "storm.auth.simple-acl.users" [], "drpc.invocations.threads" 64, "java.library.path" "/usr/local/lib:/opt/local/lib:/usr/lib", "ui.port" 8080, "topology.kryo.decorators" [], "storm.id" "test-topology-1-1465824876", "topology.name" "test-topology", "storm.messaging.netty.transfer.batch.size" 262144, "logviewer.appender.name" "A1", "nimbus.thrift.max_buffer_size" 1048576, "nimbus.host" "localhost", "storm.auth.simple-acl.users.commands" [], "drpc.request.timeout.secs" 600}
5334 [Thread-10] INFO  b.s.d.worker - Worker 31ecdd6e-a3d6-45ab-bf70-388393e167b1 for storm test-topology-1-1465824876 on 530c1cf6-7e79-4b3a-a341-8cf3f9c2b0ec:1027 has finished loading
5335 [Thread-10] INFO  b.s.config - SET worker-user 31ecdd6e-a3d6-45ab-bf70-388393e167b1 
6101 [refresh-active-timer] INFO  b.s.d.worker - All connections are ready for worker 530c1cf6-7e79-4b3a-a341-8cf3f9c2b0ec:1027 with id 31ecdd6e-a3d6-45ab-bf70-388393e167b1
6115 [Thread-13-SPOUT-0] INFO  b.s.d.executor - Opening spout SPOUT-0:(2)
6118 [Thread-13-SPOUT-0] INFO  b.s.d.executor - Opened spout SPOUT-0:(2)
6118 [Test worker] INFO  c.n.s.t.b.TestAddBolt - Topology Started
6118 [Test worker] INFO  c.n.s.i.q.MessageQueue - Adding Message [com.next.storm.integration.queue.Message@e022d54] to Queue [spout-1 --> bolt-1]
6120 [Thread-13-SPOUT-0] INFO  b.s.d.executor - Activating spout SPOUT-0:(2)
6120 [Thread-13-SPOUT-0] INFO  c.n.s.i.q.MessageQueue - Getting Message From  Queue [spout-1 --> bolt-1] , message : [com.next.storm.integration.queue.Message@e022d54]
**** NEXT TUPLE com.next.storm.integration.queue.Message@e022d54
6122 [Thread-13-SPOUT-0] INFO  c.n.s.i.q.MessageQueue - Getting Message From  Queue [spout-1 --> bolt-1] , message : [null]
6130 [Thread-15-__acker] INFO  b.s.d.executor - Preparing bolt __acker:(3)
6134 [Thread-15-__acker] INFO  b.s.d.executor - Prepared bolt __acker:(3)
6140 [Thread-17-BOLT-0] INFO  b.s.d.executor - Preparing bolt BOLT-0:(1)
6141 [Thread-17-BOLT-0] INFO  b.s.d.executor - Prepared bolt BOLT-0:(1)
6144 [Thread-19-__system] INFO  b.s.d.executor - Preparing bolt __system:(-1)
6146 [Thread-19-__system] INFO  b.s.d.executor - Prepared bolt __system:(-1)
6151 [Thread-21-add-bolt] INFO  b.s.d.executor - Preparing bolt add-bolt:(4)
6151 [Thread-21-add-bolt] INFO  b.s.d.executor - Prepared bolt add-bolt:(4)
6151 [Thread-21-add-bolt] INFO  c.n.s.t.b.AddBolt - Message Received inputOne-5
6151 [Thread-21-add-bolt] INFO  c.n.s.t.b.AddBolt - Message Received inputTwo11
6152 [Thread-17-BOLT-0] INFO  c.n.s.i.b.TestTargetBolt - Mesage Received by Target Bolt {default=6}
6152 [Thread-17-BOLT-0] INFO  c.n.s.i.b.TestTargetBolt -    default : 6
6152 [Thread-17-BOLT-0] INFO  c.n.s.i.q.MessageQueue - Adding Message [com.next.storm.integration.queue.Message@765eeb06] to Queue [add-bolt --> print-bolt]
Message ACK Test
7129 [Thread-13-SPOUT-0] INFO  c.n.s.i.q.MessageQueue - Getting Message From  Queue [spout-1 --> bolt-1] , message : [null]
7136 [Test worker] INFO  b.s.d.nimbus - [req 1] Access from:  principal: op:killTopology
7141 [Test worker] INFO  b.s.d.nimbus - Delaying event :remove for 1 secs for test-topology-1-1465824876
8134 [Thread-13-SPOUT-0] INFO  b.s.d.executor - Deactivating spout SPOUT-0:(2)
8147 [timer] INFO  b.s.d.nimbus - Killing topology: test-topology-1-1465824876
8155 [Thread-9] INFO  b.s.d.supervisor - Removing code for storm id test-topology-1-1465824876
8161 [Thread-10] INFO  b.s.d.supervisor - Shutting down and clearing state for id 31ecdd6e-a3d6-45ab-bf70-388393e167b1. Current supervisor time: 1465824880. State: :disallowed, Heartbeat: {:time-secs 1465824880, :storm-id "test-topology-1-1465824876", :executors [[2 2] [3 3] [1 1] [-1 -1] [4 4]], :port 1027}
8161 [Thread-10] INFO  b.s.d.supervisor - Shutting down 530c1cf6-7e79-4b3a-a341-8cf3f9c2b0ec:31ecdd6e-a3d6-45ab-bf70-388393e167b1
8161 [Thread-10] INFO  b.s.config - GET worker-user 31ecdd6e-a3d6-45ab-bf70-388393e167b1
8164 [Thread-10] INFO  b.s.process-simulator - Killing process b186a9bc-068f-4287-9fe2-25ae4d4471db
8164 [Thread-10] INFO  b.s.d.worker - Shutting down worker test-topology-1-1465824876 530c1cf6-7e79-4b3a-a341-8cf3f9c2b0ec 1027
8164 [Thread-10] INFO  b.s.d.worker - Shutting down receive thread
8165 [Thread-10] INFO  b.s.m.loader - Shutting down receiving-thread: [test-topology-1-1465824876, 1027]
8165 [Thread-10] INFO  b.s.m.loader - Waiting for receiving-thread:[test-topology-1-1465824876, 1027] to die
8165 [Thread-11-worker-receiver-thread-0] INFO  b.s.m.loader - Receiving-thread:[test-topology-1-1465824876, 1027] received shutdown notice
8166 [Thread-10] INFO  b.s.m.loader - Shutdown receiving-thread: [test-topology-1-1465824876, 1027]
8166 [Thread-10] INFO  b.s.d.worker - Shut down receive thread
8166 [Thread-10] INFO  b.s.d.worker - Terminating messaging context
8166 [Thread-10] INFO  b.s.d.worker - Shutting down executors
8167 [Thread-10] INFO  b.s.d.executor - Shutting down executor SPOUT-0:[2 2]
8167 [Thread-12-disruptor-executor[2 2]-send-queue] INFO  b.s.util - Async loop interrupted!
8167 [Thread-13-SPOUT-0] INFO  b.s.util - Async loop interrupted!
8168 [Thread-10] INFO  b.s.d.executor - Shut down executor SPOUT-0:[2 2]
8168 [Thread-10] INFO  b.s.d.executor - Shutting down executor __acker:[3 3]
8168 [Thread-15-__acker] INFO  b.s.util - Async loop interrupted!
8168 [Thread-14-disruptor-executor[3 3]-send-queue] INFO  b.s.util - Async loop interrupted!
8168 [Thread-10] INFO  b.s.d.executor - Shut down executor __acker:[3 3]
8169 [Thread-10] INFO  b.s.d.executor - Shutting down executor BOLT-0:[1 1]
8169 [Thread-17-BOLT-0] INFO  b.s.util - Async loop interrupted!
8169 [Thread-16-disruptor-executor[1 1]-send-queue] INFO  b.s.util - Async loop interrupted!
8169 [Thread-10] INFO  b.s.d.executor - Shut down executor BOLT-0:[1 1]
8169 [Thread-10] INFO  b.s.d.executor - Shutting down executor __system:[-1 -1]
8169 [Thread-18-disruptor-executor[-1 -1]-send-queue] INFO  b.s.util - Async loop interrupted!
8169 [Thread-19-__system] INFO  b.s.util - Async loop interrupted!
8170 [Thread-10] INFO  b.s.d.executor - Shut down executor __system:[-1 -1]
8170 [Thread-10] INFO  b.s.d.executor - Shutting down executor add-bolt:[4 4]
8170 [Thread-21-add-bolt] INFO  b.s.util - Async loop interrupted!
8170 [Thread-20-disruptor-executor[4 4]-send-queue] INFO  b.s.util - Async loop interrupted!
8170 [Thread-10] INFO  b.s.d.executor - Shut down executor add-bolt:[4 4]
8170 [Thread-10] INFO  b.s.d.worker - Shut down executors
8171 [Thread-10] INFO  b.s.d.worker - Shutting down transfer thread
8171 [Thread-22-disruptor-worker-transfer-queue] INFO  b.s.util - Async loop interrupted!
8171 [Thread-10] INFO  b.s.d.worker - Shut down transfer thread
8173 [Thread-10] INFO  b.s.d.worker - Shutting down default resources
8173 [Thread-10] INFO  b.s.d.worker - Shut down default resources
8175 [Thread-10] INFO  b.s.d.worker - Disconnecting from storm cluster state context
8176 [ProcessThread(sid:0 cport:-1):] INFO  o.a.s.s.o.a.z.s.PrepRequestProcessor - Processed session termination for sessionid: 0x15549f8912f000b
8176 [Thread-10-EventThread] INFO  o.a.s.s.o.a.z.ClientCnxn - EventThread shut down
8176 [Thread-10] INFO  o.a.s.s.o.a.z.ZooKeeper - Session: 0x15549f8912f000b closed
8176 [NIOServerCxn.Factory:0.0.0.0/0.0.0.0:2000] INFO  o.a.s.s.o.a.z.s.NIOServerCnxn - Closed socket connection for client /0:0:0:0:0:0:0:1:63812 which had sessionid 0x15549f8912f000b
8176 [Thread-10] INFO  b.s.d.worker - Shut down worker test-topology-1-1465824876 530c1cf6-7e79-4b3a-a341-8cf3f9c2b0ec 1027
8178 [Thread-10] INFO  b.s.config - REMOVE worker-user 31ecdd6e-a3d6-45ab-bf70-388393e167b1
8178 [Thread-10] INFO  b.s.d.supervisor - Shut down 530c1cf6-7e79-4b3a-a341-8cf3f9c2b0ec:31ecdd6e-a3d6-45ab-bf70-388393e167b1
8349 [Test worker] INFO  c.n.s.t.b.TestAddBolt - Starting Topology
8350 [Test worker] INFO  o.a.s.f.p.FluxParser - loading YAML from input stream...
8350 [Test worker] INFO  o.a.s.f.p.FluxParser - Not performing property substitution.
8350 [Test worker] INFO  o.a.s.f.p.FluxParser - Not performing environment variable substitution.
8353 [Test worker] INFO  c.n.s.i.q.MessageQueue - Creating Message Stream [spout-1 --> bolt-1]
8353 [Test worker] INFO  c.n.s.i.TestStormTopologyBuilder - Total Spouts Created= 1
8353 [Test worker] INFO  c.n.s.i.q.MessageQueue - Creating Message Stream [add-bolt --> print-bolt]
8353 [Test worker] INFO  c.n.s.i.TestStormTopologyBuilder - Total boltOutputStreams = 1
8354 [Test worker] INFO  c.n.s.i.TestStormTopologyBuilder - Spout Created : SPOUT-0, for input stream spout-1 --> bolt-1 
8354 [Test worker] INFO  c.n.s.i.TestStormTopologyBuilder - Bolt Created : BOLT-0, for output stream add-bolt --> print-bolt 
8354 [Test worker] INFO  b.s.d.nimbus - [req 1] Access from:  principal: op:submitTopology
8358 [Test worker] INFO  b.s.d.nimbus - Received topology submission for test-topology with conf {"topology.max.task.parallelism" nil, "topology.submitter.principal" "", "topology.acker.executors" nil, "storm.zookeeper.superACL" nil, "topology.users" (), "topology.submitter.user" "", "topology.kryo.register" nil, "topology.kryo.decorators" (), "storm.id" "test-topology-2-1465824880", "topology.name" "test-topology"}
8361 [Test worker] INFO  b.s.d.nimbus - nimbus file location:/var/folders/wx/0l_6v33921n3zqf95m01p5sh0000gn/T//2c43a643-3673-48e4-8878-e68d4b709ee9/nimbus/stormdist/test-topology-2-1465824880
8366 [Test worker] INFO  b.s.d.nimbus - Activating test-topology: test-topology-2-1465824880
8385 [Test worker] INFO  b.s.s.EvenScheduler - Available slots: (["530c1cf6-7e79-4b3a-a341-8cf3f9c2b0ec" 1027] ["530c1cf6-7e79-4b3a-a341-8cf3f9c2b0ec" 1028] ["530c1cf6-7e79-4b3a-a341-8cf3f9c2b0ec" 1029] ["edea7dab-d145-4ec8-b114-6c72f3e6582c" 1024] ["edea7dab-d145-4ec8-b114-6c72f3e6582c" 1025] ["edea7dab-d145-4ec8-b114-6c72f3e6582c" 1026])
8388 [Test worker] INFO  b.s.d.nimbus - Setting new assignment for topology id test-topology-2-1465824880: #backtype.storm.daemon.common.Assignment{:master-code-dir "/var/folders/wx/0l_6v33921n3zqf95m01p5sh0000gn/T//2c43a643-3673-48e4-8878-e68d4b709ee9/nimbus/stormdist/test-topology-2-1465824880", :node->host {"530c1cf6-7e79-4b3a-a341-8cf3f9c2b0ec" "172.18.42.72"}, :executor->node+port {[4 4] ["530c1cf6-7e79-4b3a-a341-8cf3f9c2b0ec" 1027], [3 3] ["530c1cf6-7e79-4b3a-a341-8cf3f9c2b0ec" 1027], [2 2] ["530c1cf6-7e79-4b3a-a341-8cf3f9c2b0ec" 1027], [1 1] ["530c1cf6-7e79-4b3a-a341-8cf3f9c2b0ec" 1027]}, :executor->start-time-secs {[4 4] 1465824880, [3 3] 1465824880, [2 2] 1465824880, [1 1] 1465824880}}
8517 [Thread-9] INFO  b.s.d.supervisor - Extracting resources from jar at /Users/syedali/.m2/repository/org/apache/storm/flux-core/0.10.1/flux-core-0.10.1.jar to /var/folders/wx/0l_6v33921n3zqf95m01p5sh0000gn/T//b3befaf8-092b-469e-8bad-ebedfe621b14/supervisor/stormdist/test-topology-2-1465824880/resources
8527 [Thread-10] INFO  b.s.d.supervisor - Launching worker with assignment {:storm-id "test-topology-2-1465824880", :executors [[4 4] [3 3] [2 2] [1 1]]} for this supervisor 530c1cf6-7e79-4b3a-a341-8cf3f9c2b0ec on port 1027 with id 0424e764-1a54-4af4-ac65-d96793a88f88
8529 [Thread-10] INFO  b.s.d.worker - Launching worker for test-topology-2-1465824880 on 530c1cf6-7e79-4b3a-a341-8cf3f9c2b0ec:1027 with id 0424e764-1a54-4af4-ac65-d96793a88f88 and conf {"topology.builtin.metrics.bucket.size.secs" 60, "nimbus.childopts" "-Xmx1024m", "ui.filter.params" nil, "storm.cluster.mode" "local", "storm.messaging.netty.client_worker_threads" 1, "supervisor.run.worker.as.user" false, "topology.max.task.parallelism" nil, "zmq.threads" 1, "storm.group.mapping.service" "backtype.storm.security.auth.ShellBasedGroupsMapping", "transactional.zookeeper.root" "/transactional", "topology.sleep.spout.wait.strategy.time.ms" 1, "drpc.invocations.port" 3773, "topology.multilang.serializer" "backtype.storm.multilang.JsonSerializer", "storm.messaging.netty.server_worker_threads" 1, "topology.max.error.report.per.interval" 5, "storm.thrift.transport" "backtype.storm.security.auth.SimpleTransportPlugin", "zmq.hwm" 0, "storm.principal.tolocal" "backtype.storm.security.auth.DefaultPrincipalToLocal", "supervisor.worker.shutdown.sleep.secs" 1, "storm.zookeeper.retry.times" 5, "ui.actions.enabled" true, "zmq.linger.millis" 0, "supervisor.enable" true, "topology.stats.sample.rate" 0.05, "storm.messaging.netty.min_wait_ms" 100, "storm.zookeeper.port" 2000, "supervisor.heartbeat.frequency.secs" 5, "topology.enable.message.timeouts" true, "drpc.worker.threads" 64, "drpc.queue.size" 128, "drpc.https.keystore.password" "", "logviewer.port" 8000, "nimbus.reassign" true, "topology.executor.send.buffer.size" 1024, "topology.spout.wait.strategy" "backtype.storm.spout.SleepSpoutWaitStrategy", "ui.host" "0.0.0.0", "storm.nimbus.retry.interval.millis" 2000, "nimbus.inbox.jar.expiration.secs" 3600, "dev.zookeeper.path" "/tmp/dev-storm-zookeeper", "topology.acker.executors" nil, "topology.fall.back.on.java.serialization" true, "storm.zookeeper.servers" ["localhost"], "nimbus.thrift.threads" 64, "logviewer.cleanup.age.mins" 10080, "topology.worker.childopts" nil, "topology.classpath" nil, "supervisor.monitor.frequency.secs" 3, "nimbus.credential.renewers.freq.secs" 600, "topology.skip.missing.kryo.registrations" true, "drpc.authorizer.acl.filename" "drpc-auth-acl.yaml", "storm.group.mapping.service.cache.duration.secs" 120, "topology.testing.always.try.serialize" false, "nimbus.monitor.freq.secs" 10, "supervisor.supervisors" [], "topology.tasks" nil, "topology.bolts.outgoing.overflow.buffer.enable" false, "storm.messaging.netty.socket.backlog" 500, "topology.workers" 1, "storm.local.dir" "/var/folders/wx/0l_6v33921n3zqf95m01p5sh0000gn/T//b3befaf8-092b-469e-8bad-ebedfe621b14", "worker.childopts" "-Xmx768m", "storm.auth.simple-white-list.us
[...]
23359 [Thread-10-EventThread] INFO  o.a.s.s.o.a.c.f.s.ConnectionStateManager - State change: CONNECTED
23361 [Thread-10] INFO  b.s.s.a.AuthUtils - Got AutoCreds []
23361 [Thread-10] INFO  b.s.d.worker - Reading Assignments.
23367 [Thread-10] INFO  b.s.d.worker - Launching receive-thread for 530c1cf6-7e79-4b3a-a341-8cf3f9c2b0ec:1027
23367 [Thread-47-worker-receiver-thread-0] INFO  b.s.m.loader - Starting receive-thread: [stormId: test-topology-4-1465824895, port: 1027, thread-id: 0 ]
23372 [Thread-10] INFO  b.s.d.executor - Loading executor SPOUT-0:[2 2]
23373 [Thread-10] INFO  b.s.d.executor - Loaded executor tasks SPOUT-0:[2 2]
23374 [Thread-10] INFO  b.s.d.executor - Finished loading executor SPOUT-0:[2 2]
23376 [Thread-10] INFO  b.s.d.executor - Loading executor __acker:[3 3]
23376 [Thread-10] INFO  b.s.d.executor - Loaded executor tasks __acker:[3 3]
23377 [Thread-10] INFO  b.s.d.executor - Timeouts disabled for executor __acker:[3 3]
23377 [Thread-10] INFO  b.s.d.executor - Finished loading executor __acker:[3 3]
23380 [Thread-10] INFO  b.s.d.executor - Loading executor BOLT-0:[1 1]
23381 [Thread-10] INFO  b.s.d.executor - Loaded executor tasks BOLT-0:[1 1]
23381 [Thread-10] INFO  b.s.d.executor - Finished loading executor BOLT-0:[1 1]
23384 [Thread-10] INFO  b.s.d.executor - Loading executor __system:[-1 -1]
23384 [Thread-10] INFO  b.s.d.executor - Loaded executor tasks __system:[-1 -1]
23385 [Thread-10] INFO  b.s.d.executor - Finished loading executor __system:[-1 -1]
23388 [Thread-10] INFO  b.s.d.executor - Loading executor add-bolt:[4 4]
23388 [Thread-10] INFO  b.s.d.executor - Loaded executor tasks add-bolt:[4 4]
23389 [Thread-10] INFO  b.s.d.executor - Finished loading executor add-bolt:[4 4]
23391 [Thread-10] INFO  b.s.d.worker - Worker has topology config {"topology.builtin.metrics.bucket.size.secs" 60, "nimbus.childopts" "-Xmx1024m", "ui.filter.params" nil, "storm.cluster.mode" "local", "storm.messaging.netty.client_worker_threads" 1, "supervisor.run.worker.as.user" false, "topology.max.task.parallelism" nil, "zmq.threads" 1, "storm.group.mapping.service" "backtype.storm.security.auth.ShellBasedGroupsMapping", "transactional.zookeeper.root" "/transactional", "topology.sleep.spout.wait.strategy.time.ms" 1, "drpc.invocations.port" 3773, "topology.multilang.serializer" "backtype.storm.multilang.JsonSerializer", "storm.messaging.netty.server_worker_threads" 1, "topology.max.error.report.per.interval" 5, "storm.thrift.transport" "backtype.storm.security.auth.SimpleTransportPlugin", "zmq.hwm" 0, "storm.principal.tolocal" "backtype.storm.security.auth.DefaultPrincipalToLocal", "supervisor.worker.shutdown.sleep.secs" 1, "storm.zookeeper.retry.times" 5, "ui.actions.enabled" true, "zmq.linger.millis" 0, "supervisor.enable" true, "topology.stats.sample.rate" 0.05, "storm.messaging.netty.min_wait_ms" 100, "storm.zookeeper.port" 2000, "supervisor.heartbeat.frequency.secs" 5, "topology.enable.message.timeouts" true, "drpc.worker.threads" 64, "drpc.queue.size" 128, "drpc.https.keystore.password" "", "logviewer.port" 8000, "nimbus.reassign" true, "topology.executor.send.buffer.size" 1024, "topology.spout.wait.strategy" "backtype.storm.spout.SleepSpoutWaitStrategy", "ui.host" "0.0.0.0", "topology.submitter.principal" "", "storm.nimbus.retry.interval.millis" 2000, "nimbus.inbox.jar.expiration.secs" 3600, "dev.zookeeper.path" "/tmp/dev-storm-zookeeper", "topology.acker.executors" nil, "topology.fall.back.on.java.serialization" true, "storm.zookeeper.servers" ["localhost"], "nimbus.thrift.threads" 64, "logviewer.cleanup.age.mins" 10080, "topology.worker.childopts" nil, "topology.classpath" nil, "supervisor.monitor.frequency.secs" 3, "nimbus.credential.renewers.freq.secs" 600, "topology.skip.missing.kryo.registrations" true, "drpc.authorizer.acl.filename" "drpc-auth-acl.yaml", "storm.group.mapping.service.cache.duration.secs" 120, "topology.testing.always.try.serialize" false, "nimbus.monitor.freq.secs" 10, "supervisor.supervisors" [], "topology.tasks" nil, "topology.bolts.outgoing.overflow.buffer.enable" false, "storm.messaging.netty.socket.backlog" 500, "topology.workers" 1, "storm.local.dir" "/var/folders/wx/0l_6v33921n3zqf95m01p5sh0000gn/T//b3befaf8-092b-469e-8bad-ebedfe621b14", "worker.childopts" "-Xmx768m", "storm.auth.simple-white-list.users" [], "topology.message.timeout.secs" 30, "topology.state.synchronization.timeout.secs" 60, "topology.tuple.serializer" "backtype.storm.serialization.types.ListDelegateSerializer", "supervisor.supervisors.commands" [], "logviewer.childopts" "-Xmx128m", "topology.environment" nil, "topology.debug" false, "storm.messaging.netty.max_retries" 300, "ui.childopts" "-Xmx768m", "storm.zookeeper.session.timeout" 20000, "drpc.childopts" "-Xmx768m", "drpc.http.creds.plugin" "backtype.storm.security.auth.DefaultHttpCredentialsPlugin", "storm.zookeeper.connection.timeout" 15000, "storm.zookeeper.auth.user" nil, "storm.meta.serialization.delegate" "backtype.storm.serialization.GzipThriftSerializationDelegate", "topology.max.spout.pending" nil, "nimbus.supervisor.timeout.secs" 60, "nimbus.task.timeout.secs" 30, "storm.zookeeper.superACL" nil, "drpc.port" 3772, "storm.zookeeper.retry.intervalceiling.millis" 30000, "nimbus.thrift.port" 6627, "storm.auth.simple-acl.admins" [], "storm.nimbus.retry.times" 5, "supervisor.worker.start.timeout.secs" 120, "storm.zookeeper.retry.interval" 1000, "logs.users" nil, "transactional.zookeeper.port" nil, "drpc.max_buffer_size" 1048576, "task.credentials.poll.secs" 30, "drpc.https.keystore.type" "JKS", "topology.worker.receiver.thread.count" 1, "supervisor.slots.ports" (1027 1028 1029), "topology.transfer.buffer.size" 1024, "topology.worker.shared.thread.pool.size" 4, "drpc.authorizer.acl.strict" false, "nimbus.file.copy.expiration.secs" 600, "topology.executor.receive.buffer.size" 1024, "topology.users" [], "nimbus.task.launch.secs" 120, "storm.local.mode.zmq" false, "storm.messaging.netty.buffer_size" 5242880, "worker.heartbeat.frequency.secs" 1, "ui.http.creds.plugin" "backtype.storm.security.auth.DefaultHttpCredentialsPlugin", "storm.zookeeper.root" "/storm", "topology.submitter.user" "", "topology.tick.tuple.freq.secs" nil, "drpc.https.port" -1, "task.refresh.poll.secs" 10, "task.heartbeat.frequency.secs" 3, "storm.messaging.netty.max_wait_ms" 1000, "nimbus.impersonation.authorizer" "backtype.storm.security.auth.authorizer.ImpersonationAuthorizer", "drpc.http.port" 3774, "topology.error.throttle.interval.secs" 10, "storm.messaging.transport" "backtype.storm.messaging.netty.Context", "storm.messaging.netty.authentication" false, "topology.kryo.factory" "backtype.storm.serialization.DefaultKryoFactory", "topology.kryo.register" nil, "worker.gc.childopts" "", "nimbus.topology.validator" "backtype.storm.nimbus.DefaultTopologyValidator", "nimbus.cleanup.inbox.freq.secs" 600, "ui.users" nil, "transactional.zookeeper.servers" nil, "supervisor.worker.timeout.secs" 30, "storm.zookeeper.auth.password" nil, "supervisor.childopts" "-Xmx256m", "ui.filter" nil, "ui.header.buffer.bytes" 4096, "topology.disruptor.wait.timeout.millis" 1000, "storm.nimbus.retry.intervalceiling.millis" 60000, "topology.trident.batch.emit.interval.millis" 50, "topology.disruptor.wait.strategy" "com.lmax.disruptor.BlockingWaitStrategy", "storm.auth.simple-acl.users" [], "drpc.invocations.threads" 64, "java.library.path" "/usr/local/lib:/opt/local/lib:/usr/lib", "ui.port" 8080, "topology.kryo.decorators" [], "storm.id" "test-topology-4-1465824895", "topology.name" "test-topology", "storm.messaging.netty.transfer.batch.size" 262144, "logviewer.appender.name" "A1", "nimbus.thrift.max_buffer_size" 1048576, "nimbus.host" "localhost", "storm.auth.simple-acl.users.commands" [], "drpc.request.timeout.secs" 600}
23391 [Thread-10] INFO  b.s.d.worker - Worker 086194bf-667d-4249-8a82-9d399b35c7a9 for storm test-topology-4-1465824895 on 530c1cf6-7e79-4b3a-a341-8cf3f9c2b0ec:1027 has finished loading
23391 [Thread-10] INFO  b.s.config - SET worker-user 086194bf-667d-4249-8a82-9d399b35c7a9 
24369 [refresh-active-timer] INFO  b.s.d.worker - All connections are ready for worker 530c1cf6-7e79-4b3a-a341-8cf3f9c2b0ec:1027 with id 086194bf-667d-4249-8a82-9d399b35c7a9
24410 [Thread-49-SPOUT-0] INFO  b.s.d.executor - Opening spout SPOUT-0:(2)
24410 [Thread-51-__acker] INFO  b.s.d.executor - Preparing bolt __acker:(3)
24410 [Test worker] INFO  c.n.s.t.b.TestAddBolt - Topology Started
24410 [Thread-49-SPOUT-0] INFO  b.s.d.executor - Opened spout SPOUT-0:(2)
24411 [Thread-51-__acker] INFO  b.s.d.executor - Prepared bolt __acker:(3)
24411 [Test worker] INFO  c.n.s.i.q.MessageQueue - Adding Message [com.next.storm.integration.queue.Message@34542a90] to Queue [spout-1 --> bolt-1]
24412 [Thread-49-SPOUT-0] INFO  b.s.d.executor - Activating spout SPOUT-0:(2)
24412 [Thread-49-SPOUT-0] INFO  c.n.s.i.q.MessageQueue - Getting Message From  Queue [spout-1 --> bolt-1] , message : [com.next.storm.integration.queue.Message@34542a90]
**** NEXT TUPLE com.next.storm.integration.queue.Message@34542a90
24413 [Thread-49-SPOUT-0] INFO  c.n.s.i.q.MessageQueue - Getting Message From  Queue [spout-1 --> bolt-1] , message : [null]
24417 [Thread-57-add-bolt] INFO  b.s.d.executor - Preparing bolt add-bolt:(4)
24417 [Thread-55-__system] INFO  b.s.d.executor - Preparing bolt __system:(-1)
24417 [Thread-53-BOLT-0] INFO  b.s.d.executor - Preparing bolt BOLT-0:(1)
24417 [Thread-57-add-bolt] INFO  b.s.d.executor - Prepared bolt add-bolt:(4)
24417 [Thread-53-BOLT-0] INFO  b.s.d.executor - Prepared bolt BOLT-0:(1)
24417 [Thread-57-add-bolt] INFO  c.n.s.t.b.AddBolt - Message Received inputOne5
24417 [Thread-57-add-bolt] INFO  c.n.s.t.b.AddBolt - Message Received inputTwo11
24417 [Thread-55-__system] INFO  b.s.d.executor - Prepared bolt __system:(-1)
24418 [Thread-53-BOLT-0] INFO  c.n.s.i.b.TestTargetBolt - Mesage Received by Target Bolt {default=16}
24418 [Thread-53-BOLT-0] INFO  c.n.s.i.b.TestTargetBolt -    default : 16
24418 [Thread-53-BOLT-0] INFO  c.n.s.i.q.MessageQueue - Adding Message [com.next.storm.integration.queue.Message@2484eadf] to Queue [add-bolt --> print-bolt]
24791 [timer] INFO  b.s.d.nimbus - Cleaning up test-topology-2-1465824880
24793 [timer] INFO  b.s.d.nimbus - Cleaning up test-topology-3-1465824892
Message ACK Test
25415 [Thread-49-SPOUT-0] INFO  c.n.s.i.q.MessageQueue - Getting Message From  Queue [spout-1 --> bolt-1] , message : [null]
25418 [Test worker] INFO  b.s.d.nimbus - [req 1] Access from:  principal: op:killTopology
25420 [Test worker] INFO  b.s.d.nimbus - Delaying event :remove for 1 secs for test-topology-4-1465824895
26422 [Thread-49-SPOUT-0] INFO  b.s.d.executor - Deactivating spout SPOUT-0:(2)
26424 [timer] INFO  b.s.d.nimbus - Killing topology: test-topology-4-1465824895
26429 [Thread-9] INFO  b.s.d.supervisor - Removing code for storm id test-topology-4-1465824895
26432 [Thread-10] INFO  b.s.d.supervisor - Shutting down and clearing state for id 086194bf-667d-4249-8a82-9d399b35c7a9. Current supervisor time: 1465824898. State: :disallowed, Heartbeat: {:time-secs 1465824898, :storm-id "test-topology-4-1465824895", :executors [[2 2] [3 3] [1 1] [-1 -1] [4 4]], :port 1027}
26432 [Thread-10] INFO  b.s.d.supervisor - Shutting down 530c1cf6-7e79-4b3a-a341-8cf3f9c2b0ec:086194bf-667d-4249-8a82-9d399b35c7a9
26432 [Thread-10] INFO  b.s.config - GET worker-user 086194bf-667d-4249-8a82-9d399b35c7a9
26432 [Thread-10] INFO  b.s.process-simulator - Killing process 8fd34393-8ae0-48ca-bb09-5300e350c930
26432 [Thread-10] INFO  b.s.d.worker - Shutting down worker test-topology-4-1465824895 530c1cf6-7e79-4b3a-a341-8cf3f9c2b0ec 1027
26433 [Thread-10] INFO  b.s.d.worker - Shutting down receive thread
26433 [Thread-10] INFO  b.s.m.loader - Shutting down receiving-thread: [test-topology-4-1465824895, 1027]
26433 [Thread-10] INFO  b.s.m.loader - Waiting for receiving-thread:[test-topology-4-1465824895, 1027] to die
26433 [Thread-47-worker-receiver-thread-0] INFO  b.s.m.loader - Receiving-thread:[test-topology-4-1465824895, 1027] received shutdown notice
26433 [Thread-10] INFO  b.s.m.loader - Shutdown receiving-thread: [test-topology-4-1465824895, 1027]
26433 [Thread-10] INFO  b.s.d.worker - Shut down receive thread
26433 [Thread-10] INFO  b.s.d.worker - Terminating messaging context
26433 [Thread-10] INFO  b.s.d.worker - Shutting down executors
26434 [Thread-10] INFO  b.s.d.executor - Shutting down executor SPOUT-0:[2 2]
26434 [Thread-49-SPOUT-0] INFO  b.s.util - Async loop interrupted!
26434 [Thread-48-disruptor-executor[2 2]-send-queue] INFO  b.s.util - Async loop interrupted!
26434 [Thread-10] INFO  b.s.d.executor - Shut down executor SPOUT-0:[2 2]
26435 [Thread-10] INFO  b.s.d.executor - Shutting down executor __acker:[3 3]
26435 [Thread-51-__acker] INFO  b.s.util - Async loop interrupted!
26435 [Thread-50-disruptor-executor[3 3]-send-queue] INFO  b.s.util - Async loop interrupted!
26435 [Thread-10] INFO  b.s.d.executor - Shut down executor __acker:[3 3]
26435 [Thread-10] INFO  b.s.d.executor - Shutting down executor BOLT-0:[1 1]
26435 [Thread-52-disruptor-executor[1 1]-send-queue] INFO  b.s.util - Async loop interrupted!
26435 [Thread-53-BOLT-0] INFO  b.s.util - Async loop interrupted!
26435 [Thread-10] INFO  b.s.d.executor - Shut down executor BOLT-0:[1 1]
26435 [Thread-10] INFO  b.s.d.executor - Shutting down executor __system:[-1 -1]
26436 [Thread-55-__system] INFO  b.s.util - Async loop interrupted!
26436 [Thread-54-disruptor-executor[-1 -1]-send-queue] INFO  b.s.util - Async loop interrupted!
26436 [Thread-10] INFO  b.s.d.executor - Shut down executor __system:[-1 -1]
26436 [Thread-10] INFO  b.s.d.executor - Shutting down executor add-bolt:[4 4]
26436 [Thread-57-add-bolt] INFO  b.s.util - Async loop interrupted!
26436 [Thread-56-disruptor-executor[4 4]-send-queue] INFO  b.s.util - Async loop interrupted!
26436 [Thread-10] INFO  b.s.d.executor - Shut down executor add-bolt:[4 4]
26436 [Thread-10] INFO  b.s.d.worker - Shut down executors
26436 [Thread-10] INFO  b.s.d.worker - Shutting down transfer thread
26437 [Thread-58-disruptor-worker-transfer-queue] INFO  b.s.util - Async loop interrupted!
26437 [Thread-10] INFO  b.s.d.worker - Shut down transfer thread
26437 [Thread-10] INFO  b.s.d.worker - Shutting down default resources
26437 [Thread-10] INFO  b.s.d.worker - Shut down default resources
26439 [Thread-10] INFO  b.s.d.worker - Disconnecting from storm cluster state context
26439 [ProcessThread(sid:0 cport:-1):] INFO  o.a.s.s.o.a.z.s.PrepRequestProcessor - Processed session termination for sessionid: 0x15549f8912f0011
26439 [Thread-10] INFO  o.a.s.s.o.a.z.ZooKeeper - Session: 0x15549f8912f0011 closed
26439 [Thread-10-EventThread] INFO  o.a.s.s.o.a.z.ClientCnxn - EventThread shut down
26439 [Thread-10] INFO  b.s.d.worker - Shut down worker test-topology-4-1465824895 530c1cf6-7e79-4b3a-a341-8cf3f9c2b0ec 1027
26439 [NIOServerCxn.Factory:0.0.0.0/0.0.0.0:2000] INFO  o.a.s.s.o.a.z.s.NIOServerCnxn - Closed socket connection for client /0:0:0:0:0:0:0:1:63822 which had sessionid 0x15549f8912f0011
26441 [Thread-10] INFO  b.s.config - REMOVE worker-user 086194bf-667d-4249-8a82-9d399b35c7a9
26441 [Thread-10] INFO  b.s.d.supervisor - Shut down 530c1cf6-7e79-4b3a-a341-8cf3f9c2b0ec:086194bf-667d-4249-8a82-9d399b35c7a9
26627 [Test worker] INFO  b.s.d.nimbus - Shutting down master
26628 [ProcessThread(sid:0 cport:-1):] INFO  o.a.s.s.o.a.z.s.PrepRequestProcessor - Processed session termination for sessionid: 0x15549f8912f0001
26629 [Test worker] INFO  o.a.s.s.o.a.z.ZooKeeper - Session: 0x15549f8912f0001 closed
26629 [Test worker-EventThread] INFO  o.a.s.s.o.a.z.ClientCnxn - EventThread shut down
26629 [NIOServerCxn.Factory:0.0.0.0/0.0.0.0:2000] INFO  o.a.s.s.o.a.z.s.NIOServerCnxn - Closed socket connection for client /127.0.0.1:63802 which had sessionid 0x15549f8912f0001
26629 [Test worker] INFO  b.s.d.nimbus - Shut down master
26630 [ProcessThread(sid:0 cport:-1):] INFO  o.a.s.s.o.a.z.s.PrepRequestProcessor - Processed session termination for sessionid: 0x15549f8912f0003
26630 [Test worker] INFO  o.a.s.s.o.a.z.ZooKeeper - Session: 0x15549f8912f0003 closed
26630 [Test worker-EventThread] INFO  o.a.s.s.o.a.z.ClientCnxn - EventThread shut down
26630 [NIOServerCxn.Factory:0.0.0.0/0.0.0.0:2000] INFO  o.a.s.s.o.a.z.s.NIOServerCnxn - Closed socket connection for client /0:0:0:0:0:0:0:1:63804 which had sessionid 0x15549f8912f0003
26631 [ProcessThread(sid:0 cport:-1):] INFO  o.a.s.s.o.a.z.s.PrepRequestProcessor - Processed session termination for sessionid: 0x15549f8912f0005
26632 [Test worker] INFO  o.a.s.s.o.a.z.ZooKeeper - Session: 0x15549f8912f0005 closed
26632 [Test worker-EventThread] INFO  o.a.s.s.o.a.z.ClientCnxn - EventThread shut down
26632 [NIOServerCxn.Factory:0.0.0.0/0.0.0.0:2000] INFO  o.a.s.s.o.a.z.s.NIOServerCnxn - Closed socket connection for client /0:0:0:0:0:0:0:1:63806 which had sessionid 0x15549f8912f0005
26632 [Test worker] INFO  b.s.d.supervisor - Shutting down supervisor edea7dab-d145-4ec8-b114-6c72f3e6582c
26634 [Thread-7] INFO  b.s.event - Event manager interrupted
26634 [Thread-8] INFO  b.s.event - Event manager interrupted
26634 [ProcessThread(sid:0 cport:-1):] INFO  o.a.s.s.o.a.z.s.PrepRequestProcessor - Processed session termination for sessionid: 0x15549f8912f0007
26635 [Test worker] INFO  o.a.s.s.o.a.z.ZooKeeper - Session: 0x15549f8912f0007 closed
26635 [Test worker-EventThread] INFO  o.a.s.s.o.a.z.ClientCnxn - EventThread shut down
26635 [NIOServerCxn.Factory:0.0.0.0/0.0.0.0:2000] INFO  o.a.s.s.o.a.z.s.NIOServerCnxn - Closed socket connection for client /0:0:0:0:0:0:0:1:63808 which had sessionid 0x15549f8912f0007
26635 [Test worker] INFO  b.s.d.supervisor - Shutting down supervisor 530c1cf6-7e79-4b3a-a341-8cf3f9c2b0ec
26636 [Thread-9] INFO  b.s.event - Event manager interrupted
26636 [Thread-10] INFO  b.s.event - Event manager interrupted
26636 [ProcessThread(sid:0 cport:-1):] INFO  o.a.s.s.o.a.z.s.PrepRequestProcessor - Processed session termination for sessionid: 0x15549f8912f0009
26637 [Test worker] INFO  o.a.s.s.o.a.z.ZooKeeper - Session: 0x15549f8912f0009 closed
26637 [Test worker-EventThread] INFO  o.a.s.s.o.a.z.ClientCnxn - EventThread shut down
26637 [NIOServerCxn.Factory:0.0.0.0/0.0.0.0:2000] INFO  o.a.s.s.o.a.z.s.NIOServerCnxn - Closed socket connection for client /0:0:0:0:0:0:0:1:63810 which had sessionid 0x15549f8912f0009
26637 [Test worker] INFO  b.s.testing - Shutting down in process zookeeper
26637 [NIOServerCxn.Factory:0.0.0.0/0.0.0.0:2000] INFO  o.a.s.s.o.a.z.s.NIOServerCnxnFactory - NIOServerCnxn factory exited run method
26637 [Test worker] INFO  o.a.s.s.o.a.z.s.ZooKeeperServer - shutting down
26638 [Test worker] INFO  o.a.s.s.o.a.z.s.SessionTrackerImpl - Shutting down
26638 [Test worker] INFO  o.a.s.s.o.a.z.s.PrepRequestProcessor - Shutting down
26638 [ProcessThread(sid:0 cport:-1):] INFO  o.a.s.s.o.a.z.s.PrepRequestProcessor - PrepRequestProcessor exited loop!
26638 [Test worker] INFO  o.a.s.s.o.a.z.s.SyncRequestProcessor - Shutting down
26638 [SyncThread:0] INFO  o.a.s.s.o.a.z.s.SyncRequestProcessor - SyncRequestProcessor exited!
26638 [Test worker] INFO  o.a.s.s.o.a.z.s.FinalRequestProcessor - shutdown of request processor complete
26638 [Test worker] INFO  b.s.testing - Done shutting down in process zookeeper
26638 [Test worker] INFO  b.s.testing - Deleting temporary path /var/folders/wx/0l_6v33921n3zqf95m01p5sh0000gn/T//2c43a643-3673-48e4-8878-e68d4b709ee9
26640 [Test worker] INFO  b.s.testing - Deleting temporary path /var/folders/wx/0l_6v33921n3zqf95m01p5sh0000gn/T//7ad5793e-584e-4007-bf3f-22a56dd0d53d
26641 [Test worker] INFO  b.s.testing - Deleting temporary path /var/folders/wx/0l_6v33921n3zqf95m01p5sh0000gn/T//4c22ffe5-06e3-4ade-9ae6-3bd11742e4aa
26642 [Test worker] INFO  b.s.testing - Deleting temporary path /var/folders/wx/0l_6v33921n3zqf95m01p5sh0000gn/T//b3befaf8-092b-469e-8bad-ebedfe621b14
]]></system-out>
  <system-err><![CDATA[]]></system-err>
</testsuite>
